{"C:\\Users\\g.visco.ISYDEDOM\\OneDrive - BE THINK, SOLVE, EXECUTE S.P.A\\Desktop\\interviews-back-end-assignment\\build\\constants.js": {"path":"C:\\Users\\g.visco.ISYDEDOM\\OneDrive - BE THINK, SOLVE, EXECUTE S.P.A\\Desktop\\interviews-back-end-assignment\\build\\constants.js","statementMap":{"0":{"start":{"line":2,"column":0},"end":{"line":2,"column":62}},"1":{"start":{"line":3,"column":0},"end":{"line":3,"column":27}},"2":{"start":{"line":4,"column":0},"end":{"line":10,"column":2}}},"fnMap":{},"branchMap":{},"s":{"0":1,"1":1,"2":1},"f":{},"b":{},"inputSourceMap":null,"_coverageSchema":"1a1c01bbd47fc00a2c39e90264f33305004495a9","hash":"1d10acea4a7d1765f7a8c3391b05d3464186d6a3"}
,"C:\\Users\\g.visco.ISYDEDOM\\OneDrive - BE THINK, SOLVE, EXECUTE S.P.A\\Desktop\\interviews-back-end-assignment\\build\\config\\app.js": {"path":"C:\\Users\\g.visco.ISYDEDOM\\OneDrive - BE THINK, SOLVE, EXECUTE S.P.A\\Desktop\\interviews-back-end-assignment\\build\\config\\app.js","statementMap":{"0":{"start":{"line":2,"column":22},"end":{"line":4,"column":1}},"1":{"start":{"line":3,"column":4},"end":{"line":3,"column":62}},"2":{"start":{"line":5,"column":0},"end":{"line":5,"column":62}},"3":{"start":{"line":6,"column":18},"end":{"line":6,"column":53}},"4":{"start":{"line":7,"column":19},"end":{"line":7,"column":65}},"5":{"start":{"line":8,"column":23},"end":{"line":8,"column":77}},"6":{"start":{"line":9,"column":12},"end":{"line":9,"column":36}},"7":{"start":{"line":10,"column":0},"end":{"line":10,"column":34}},"8":{"start":{"line":11,"column":0},"end":{"line":11,"column":36}},"9":{"start":{"line":12,"column":0},"end":{"line":12,"column":32}},"10":{"start":{"line":13,"column":0},"end":{"line":13,"column":22}}},"fnMap":{"0":{"name":"(anonymous_0)","decl":{"start":{"line":2,"column":56},"end":{"line":2,"column":57}},"loc":{"start":{"line":2,"column":71},"end":{"line":4,"column":1}},"line":2}},"branchMap":{"0":{"loc":{"start":{"line":2,"column":22},"end":{"line":4,"column":1}},"type":"binary-expr","locations":[{"start":{"line":2,"column":23},"end":{"line":2,"column":27}},{"start":{"line":2,"column":31},"end":{"line":2,"column":51}},{"start":{"line":2,"column":56},"end":{"line":4,"column":1}}],"line":2},"1":{"loc":{"start":{"line":3,"column":11},"end":{"line":3,"column":61}},"type":"cond-expr","locations":[{"start":{"line":3,"column":37},"end":{"line":3,"column":40}},{"start":{"line":3,"column":43},"end":{"line":3,"column":61}}],"line":3},"2":{"loc":{"start":{"line":3,"column":12},"end":{"line":3,"column":33}},"type":"binary-expr","locations":[{"start":{"line":3,"column":12},"end":{"line":3,"column":15}},{"start":{"line":3,"column":19},"end":{"line":3,"column":33}}],"line":3}},"s":{"0":1,"1":3,"2":1,"3":1,"4":1,"5":1,"6":1,"7":1,"8":1,"9":1,"10":1},"f":{"0":3},"b":{"0":[1,1,1],"1":[2,1],"2":[3,3]},"inputSourceMap":null,"_coverageSchema":"1a1c01bbd47fc00a2c39e90264f33305004495a9","hash":"f088e538fa51315ea4237f22ce3671ac7b59396f"}
,"C:\\Users\\g.visco.ISYDEDOM\\OneDrive - BE THINK, SOLVE, EXECUTE S.P.A\\Desktop\\interviews-back-end-assignment\\build\\controllers\\products.controller.js": {"path":"C:\\Users\\g.visco.ISYDEDOM\\OneDrive - BE THINK, SOLVE, EXECUTE S.P.A\\Desktop\\interviews-back-end-assignment\\build\\controllers\\products.controller.js","statementMap":{"0":{"start":{"line":2,"column":16},"end":{"line":10,"column":1}},"1":{"start":{"line":3,"column":28},"end":{"line":3,"column":110}},"2":{"start":{"line":3,"column":91},"end":{"line":3,"column":106}},"3":{"start":{"line":4,"column":4},"end":{"line":9,"column":7}},"4":{"start":{"line":5,"column":36},"end":{"line":5,"column":97}},"5":{"start":{"line":5,"column":42},"end":{"line":5,"column":70}},"6":{"start":{"line":5,"column":85},"end":{"line":5,"column":95}},"7":{"start":{"line":6,"column":35},"end":{"line":6,"column":100}},"8":{"start":{"line":6,"column":41},"end":{"line":6,"column":73}},"9":{"start":{"line":6,"column":88},"end":{"line":6,"column":98}},"10":{"start":{"line":7,"column":32},"end":{"line":7,"column":116}},"11":{"start":{"line":8,"column":8},"end":{"line":8,"column":78}},"12":{"start":{"line":11,"column":22},"end":{"line":13,"column":1}},"13":{"start":{"line":12,"column":4},"end":{"line":12,"column":62}},"14":{"start":{"line":14,"column":0},"end":{"line":14,"column":62}},"15":{"start":{"line":15,"column":23},"end":{"line":15,"column":82}},"16":{"start":{"line":19,"column":20},"end":{"line":48,"column":2}},"17":{"start":{"line":19,"column":40},"end":{"line":48,"column":2}},"18":{"start":{"line":20,"column":4},"end":{"line":47,"column":5}},"19":{"start":{"line":21,"column":21},"end":{"line":21,"column":50}},"20":{"start":{"line":22,"column":22},"end":{"line":22,"column":53}},"21":{"start":{"line":23,"column":26},"end":{"line":23,"column":44}},"22":{"start":{"line":24,"column":30},"end":{"line":24,"column":82}},"23":{"start":{"line":25,"column":27},"end":{"line":25,"column":59}},"24":{"start":{"line":26,"column":25},"end":{"line":26,"column":89}},"25":{"start":{"line":27,"column":8},"end":{"line":31,"column":9}},"26":{"start":{"line":28,"column":12},"end":{"line":30,"column":72}},"27":{"start":{"line":32,"column":8},"end":{"line":43,"column":11}},"28":{"start":{"line":46,"column":8},"end":{"line":46,"column":20}},"29":{"start":{"line":52,"column":39},"end":{"line":86,"column":2}},"30":{"start":{"line":52,"column":59},"end":{"line":86,"column":2}},"31":{"start":{"line":53,"column":4},"end":{"line":85,"column":5}},"32":{"start":{"line":54,"column":28},"end":{"line":54,"column":49}},"33":{"start":{"line":55,"column":29},"end":{"line":55,"column":50}},"34":{"start":{"line":56,"column":21},"end":{"line":56,"column":50}},"35":{"start":{"line":57,"column":22},"end":{"line":57,"column":53}},"36":{"start":{"line":58,"column":26},"end":{"line":58,"column":44}},"37":{"start":{"line":59,"column":30},"end":{"line":59,"column":82}},"38":{"start":{"line":60,"column":27},"end":{"line":60,"column":59}},"39":{"start":{"line":61,"column":25},"end":{"line":64,"column":39}},"40":{"start":{"line":65,"column":8},"end":{"line":69,"column":9}},"41":{"start":{"line":66,"column":12},"end":{"line":68,"column":71}},"42":{"start":{"line":70,"column":8},"end":{"line":81,"column":11}},"43":{"start":{"line":84,"column":8},"end":{"line":84,"column":20}},"44":{"start":{"line":90,"column":35},"end":{"line":117,"column":2}},"45":{"start":{"line":90,"column":55},"end":{"line":117,"column":2}},"46":{"start":{"line":91,"column":4},"end":{"line":116,"column":5}},"47":{"start":{"line":92,"column":43},"end":{"line":106,"column":10}},"48":{"start":{"line":107,"column":8},"end":{"line":111,"column":9}},"49":{"start":{"line":108,"column":12},"end":{"line":110,"column":74}},"50":{"start":{"line":112,"column":8},"end":{"line":112,"column":57}},"51":{"start":{"line":115,"column":8},"end":{"line":115,"column":20}},"52":{"start":{"line":118,"column":0},"end":{"line":122,"column":2}}},"fnMap":{"0":{"name":"(anonymous_0)","decl":{"start":{"line":2,"column":44},"end":{"line":2,"column":45}},"loc":{"start":{"line":2,"column":89},"end":{"line":10,"column":1}},"line":2},"1":{"name":"adopt","decl":{"start":{"line":3,"column":13},"end":{"line":3,"column":18}},"loc":{"start":{"line":3,"column":26},"end":{"line":3,"column":112}},"line":3},"2":{"name":"(anonymous_2)","decl":{"start":{"line":3,"column":70},"end":{"line":3,"column":71}},"loc":{"start":{"line":3,"column":89},"end":{"line":3,"column":108}},"line":3},"3":{"name":"(anonymous_3)","decl":{"start":{"line":4,"column":36},"end":{"line":4,"column":37}},"loc":{"start":{"line":4,"column":63},"end":{"line":9,"column":5}},"line":4},"4":{"name":"fulfilled","decl":{"start":{"line":5,"column":17},"end":{"line":5,"column":26}},"loc":{"start":{"line":5,"column":34},"end":{"line":5,"column":99}},"line":5},"5":{"name":"rejected","decl":{"start":{"line":6,"column":17},"end":{"line":6,"column":25}},"loc":{"start":{"line":6,"column":33},"end":{"line":6,"column":102}},"line":6},"6":{"name":"step","decl":{"start":{"line":7,"column":17},"end":{"line":7,"column":21}},"loc":{"start":{"line":7,"column":30},"end":{"line":7,"column":118}},"line":7},"7":{"name":"(anonymous_7)","decl":{"start":{"line":11,"column":56},"end":{"line":11,"column":57}},"loc":{"start":{"line":11,"column":71},"end":{"line":13,"column":1}},"line":11},"8":{"name":"(anonymous_8)","decl":{"start":{"line":19,"column":20},"end":{"line":19,"column":21}},"loc":{"start":{"line":19,"column":40},"end":{"line":48,"column":2}},"line":19},"9":{"name":"(anonymous_9)","decl":{"start":{"line":19,"column":74},"end":{"line":19,"column":75}},"loc":{"start":{"line":19,"column":87},"end":{"line":48,"column":1}},"line":19},"10":{"name":"(anonymous_10)","decl":{"start":{"line":52,"column":39},"end":{"line":52,"column":40}},"loc":{"start":{"line":52,"column":59},"end":{"line":86,"column":2}},"line":52},"11":{"name":"(anonymous_11)","decl":{"start":{"line":52,"column":93},"end":{"line":52,"column":94}},"loc":{"start":{"line":52,"column":106},"end":{"line":86,"column":1}},"line":52},"12":{"name":"(anonymous_12)","decl":{"start":{"line":90,"column":35},"end":{"line":90,"column":36}},"loc":{"start":{"line":90,"column":55},"end":{"line":117,"column":2}},"line":90},"13":{"name":"(anonymous_13)","decl":{"start":{"line":90,"column":89},"end":{"line":90,"column":90}},"loc":{"start":{"line":90,"column":102},"end":{"line":117,"column":1}},"line":90}},"branchMap":{"0":{"loc":{"start":{"line":2,"column":16},"end":{"line":10,"column":1}},"type":"binary-expr","locations":[{"start":{"line":2,"column":17},"end":{"line":2,"column":21}},{"start":{"line":2,"column":25},"end":{"line":2,"column":39}},{"start":{"line":2,"column":44},"end":{"line":10,"column":1}}],"line":2},"1":{"loc":{"start":{"line":3,"column":35},"end":{"line":3,"column":109}},"type":"cond-expr","locations":[{"start":{"line":3,"column":56},"end":{"line":3,"column":61}},{"start":{"line":3,"column":64},"end":{"line":3,"column":109}}],"line":3},"2":{"loc":{"start":{"line":4,"column":16},"end":{"line":4,"column":34}},"type":"binary-expr","locations":[{"start":{"line":4,"column":16},"end":{"line":4,"column":17}},{"start":{"line":4,"column":22},"end":{"line":4,"column":33}}],"line":4},"3":{"loc":{"start":{"line":7,"column":32},"end":{"line":7,"column":115}},"type":"cond-expr","locations":[{"start":{"line":7,"column":46},"end":{"line":7,"column":67}},{"start":{"line":7,"column":70},"end":{"line":7,"column":115}}],"line":7},"4":{"loc":{"start":{"line":8,"column":51},"end":{"line":8,"column":67}},"type":"binary-expr","locations":[{"start":{"line":8,"column":51},"end":{"line":8,"column":61}},{"start":{"line":8,"column":65},"end":{"line":8,"column":67}}],"line":8},"5":{"loc":{"start":{"line":11,"column":22},"end":{"line":13,"column":1}},"type":"binary-expr","locations":[{"start":{"line":11,"column":23},"end":{"line":11,"column":27}},{"start":{"line":11,"column":31},"end":{"line":11,"column":51}},{"start":{"line":11,"column":56},"end":{"line":13,"column":1}}],"line":11},"6":{"loc":{"start":{"line":12,"column":11},"end":{"line":12,"column":61}},"type":"cond-expr","locations":[{"start":{"line":12,"column":37},"end":{"line":12,"column":40}},{"start":{"line":12,"column":43},"end":{"line":12,"column":61}}],"line":12},"7":{"loc":{"start":{"line":12,"column":12},"end":{"line":12,"column":33}},"type":"binary-expr","locations":[{"start":{"line":12,"column":12},"end":{"line":12,"column":15}},{"start":{"line":12,"column":19},"end":{"line":12,"column":33}}],"line":12},"8":{"loc":{"start":{"line":21,"column":21},"end":{"line":21,"column":50}},"type":"binary-expr","locations":[{"start":{"line":21,"column":21},"end":{"line":21,"column":45}},{"start":{"line":21,"column":49},"end":{"line":21,"column":50}}],"line":21},"9":{"loc":{"start":{"line":22,"column":22},"end":{"line":22,"column":53}},"type":"binary-expr","locations":[{"start":{"line":22,"column":22},"end":{"line":22,"column":47}},{"start":{"line":22,"column":51},"end":{"line":22,"column":53}}],"line":22},"10":{"loc":{"start":{"line":27,"column":8},"end":{"line":31,"column":9}},"type":"if","locations":[{"start":{"line":27,"column":8},"end":{"line":31,"column":9}},{"start":{},"end":{}}],"line":27},"11":{"loc":{"start":{"line":40,"column":26},"end":{"line":40,"column":61}},"type":"cond-expr","locations":[{"start":{"line":40,"column":46},"end":{"line":40,"column":54}},{"start":{"line":40,"column":57},"end":{"line":40,"column":61}}],"line":40},"12":{"loc":{"start":{"line":41,"column":30},"end":{"line":41,"column":56}},"type":"cond-expr","locations":[{"start":{"line":41,"column":41},"end":{"line":41,"column":49}},{"start":{"line":41,"column":52},"end":{"line":41,"column":56}}],"line":41},"13":{"loc":{"start":{"line":54,"column":28},"end":{"line":54,"column":49}},"type":"binary-expr","locations":[{"start":{"line":54,"column":28},"end":{"line":54,"column":43}},{"start":{"line":54,"column":47},"end":{"line":54,"column":49}}],"line":54},"14":{"loc":{"start":{"line":55,"column":29},"end":{"line":55,"column":50}},"type":"binary-expr","locations":[{"start":{"line":55,"column":29},"end":{"line":55,"column":44}},{"start":{"line":55,"column":48},"end":{"line":55,"column":50}}],"line":55},"15":{"loc":{"start":{"line":56,"column":21},"end":{"line":56,"column":50}},"type":"binary-expr","locations":[{"start":{"line":56,"column":21},"end":{"line":56,"column":45}},{"start":{"line":56,"column":49},"end":{"line":56,"column":50}}],"line":56},"16":{"loc":{"start":{"line":57,"column":22},"end":{"line":57,"column":53}},"type":"binary-expr","locations":[{"start":{"line":57,"column":22},"end":{"line":57,"column":47}},{"start":{"line":57,"column":51},"end":{"line":57,"column":53}}],"line":57},"17":{"loc":{"start":{"line":65,"column":8},"end":{"line":69,"column":9}},"type":"if","locations":[{"start":{"line":65,"column":8},"end":{"line":69,"column":9}},{"start":{},"end":{}}],"line":65},"18":{"loc":{"start":{"line":78,"column":26},"end":{"line":78,"column":61}},"type":"cond-expr","locations":[{"start":{"line":78,"column":46},"end":{"line":78,"column":54}},{"start":{"line":78,"column":57},"end":{"line":78,"column":61}}],"line":78},"19":{"loc":{"start":{"line":79,"column":30},"end":{"line":79,"column":56}},"type":"cond-expr","locations":[{"start":{"line":79,"column":41},"end":{"line":79,"column":49}},{"start":{"line":79,"column":52},"end":{"line":79,"column":56}}],"line":79},"20":{"loc":{"start":{"line":107,"column":8},"end":{"line":111,"column":9}},"type":"if","locations":[{"start":{"line":107,"column":8},"end":{"line":111,"column":9}},{"start":{},"end":{}}],"line":107}},"s":{"0":1,"1":8,"2":4,"3":4,"4":8,"5":8,"6":0,"7":0,"8":0,"9":0,"10":12,"11":4,"12":1,"13":1,"14":1,"15":1,"16":1,"17":1,"18":1,"19":1,"20":1,"21":1,"22":1,"23":1,"24":1,"25":1,"26":0,"27":1,"28":0,"29":1,"30":3,"31":3,"32":3,"33":3,"34":3,"35":3,"36":3,"37":3,"38":3,"39":3,"40":3,"41":0,"42":3,"43":0,"44":1,"45":0,"46":0,"47":0,"48":0,"49":0,"50":0,"51":0,"52":1},"f":{"0":4,"1":8,"2":4,"3":4,"4":8,"5":0,"6":12,"7":1,"8":1,"9":1,"10":3,"11":3,"12":0,"13":0},"b":{"0":[1,1,1],"1":[4,4],"2":[4,4],"3":[4,8],"4":[4,4],"5":[1,1,1],"6":[1,0],"7":[1,1],"8":[1,1],"9":[1,1],"10":[0,1],"11":[0,1],"12":[0,1],"13":[3,1],"14":[3,1],"15":[3,3],"16":[3,3],"17":[0,3],"18":[0,3],"19":[0,3],"20":[0,0]},"inputSourceMap":null,"_coverageSchema":"1a1c01bbd47fc00a2c39e90264f33305004495a9","hash":"9b863f9daf02f5244620b5b142d298ebefd9d293"}
,"C:\\Users\\g.visco.ISYDEDOM\\OneDrive - BE THINK, SOLVE, EXECUTE S.P.A\\Desktop\\interviews-back-end-assignment\\build\\middleware\\errorHandler.js": {"path":"C:\\Users\\g.visco.ISYDEDOM\\OneDrive - BE THINK, SOLVE, EXECUTE S.P.A\\Desktop\\interviews-back-end-assignment\\build\\middleware\\errorHandler.js","statementMap":{"0":{"start":{"line":2,"column":0},"end":{"line":2,"column":62}},"1":{"start":{"line":3,"column":20},"end":{"line":3,"column":45}},"2":{"start":{"line":4,"column":21},"end":{"line":51,"column":1}},"3":{"start":{"line":5,"column":4},"end":{"line":5,"column":37}},"4":{"start":{"line":6,"column":23},"end":{"line":6,"column":60}},"5":{"start":{"line":7,"column":4},"end":{"line":50,"column":5}},"6":{"start":{"line":9,"column":12},"end":{"line":13,"column":15}},"7":{"start":{"line":14,"column":12},"end":{"line":14,"column":18}},"8":{"start":{"line":16,"column":12},"end":{"line":20,"column":15}},"9":{"start":{"line":21,"column":12},"end":{"line":21,"column":18}},"10":{"start":{"line":23,"column":12},"end":{"line":27,"column":15}},"11":{"start":{"line":28,"column":12},"end":{"line":28,"column":18}},"12":{"start":{"line":30,"column":12},"end":{"line":34,"column":15}},"13":{"start":{"line":35,"column":12},"end":{"line":35,"column":18}},"14":{"start":{"line":37,"column":12},"end":{"line":41,"column":15}},"15":{"start":{"line":42,"column":12},"end":{"line":42,"column":18}},"16":{"start":{"line":44,"column":12},"end":{"line":48,"column":15}},"17":{"start":{"line":49,"column":12},"end":{"line":49,"column":18}},"18":{"start":{"line":52,"column":0},"end":{"line":52,"column":31}}},"fnMap":{"0":{"name":"(anonymous_0)","decl":{"start":{"line":4,"column":21},"end":{"line":4,"column":22}},"loc":{"start":{"line":4,"column":46},"end":{"line":51,"column":1}},"line":4}},"branchMap":{"0":{"loc":{"start":{"line":6,"column":23},"end":{"line":6,"column":60}},"type":"cond-expr","locations":[{"start":{"line":6,"column":40},"end":{"line":6,"column":54}},{"start":{"line":6,"column":57},"end":{"line":6,"column":60}}],"line":6},"1":{"loc":{"start":{"line":7,"column":4},"end":{"line":50,"column":5}},"type":"switch","locations":[{"start":{"line":8,"column":8},"end":{"line":14,"column":18}},{"start":{"line":15,"column":8},"end":{"line":21,"column":18}},{"start":{"line":22,"column":8},"end":{"line":28,"column":18}},{"start":{"line":29,"column":8},"end":{"line":35,"column":18}},{"start":{"line":36,"column":8},"end":{"line":42,"column":18}},{"start":{"line":43,"column":8},"end":{"line":49,"column":18}}],"line":7}},"s":{"0":1,"1":1,"2":1,"3":0,"4":0,"5":0,"6":0,"7":0,"8":0,"9":0,"10":0,"11":0,"12":0,"13":0,"14":0,"15":0,"16":0,"17":0,"18":1},"f":{"0":0},"b":{"0":[0,0],"1":[0,0,0,0,0,0]},"inputSourceMap":null,"_coverageSchema":"1a1c01bbd47fc00a2c39e90264f33305004495a9","hash":"9d25ed0bb52ff59f940ae9781925fe768a5f13e8"}
,"C:\\Users\\g.visco.ISYDEDOM\\OneDrive - BE THINK, SOLVE, EXECUTE S.P.A\\Desktop\\interviews-back-end-assignment\\build\\middleware\\paginationHandler.js": {"path":"C:\\Users\\g.visco.ISYDEDOM\\OneDrive - BE THINK, SOLVE, EXECUTE S.P.A\\Desktop\\interviews-back-end-assignment\\build\\middleware\\paginationHandler.js","statementMap":{"0":{"start":{"line":2,"column":16},"end":{"line":10,"column":1}},"1":{"start":{"line":3,"column":28},"end":{"line":3,"column":110}},"2":{"start":{"line":3,"column":91},"end":{"line":3,"column":106}},"3":{"start":{"line":4,"column":4},"end":{"line":9,"column":7}},"4":{"start":{"line":5,"column":36},"end":{"line":5,"column":97}},"5":{"start":{"line":5,"column":42},"end":{"line":5,"column":70}},"6":{"start":{"line":5,"column":85},"end":{"line":5,"column":95}},"7":{"start":{"line":6,"column":35},"end":{"line":6,"column":100}},"8":{"start":{"line":6,"column":41},"end":{"line":6,"column":73}},"9":{"start":{"line":6,"column":88},"end":{"line":6,"column":98}},"10":{"start":{"line":7,"column":32},"end":{"line":7,"column":116}},"11":{"start":{"line":8,"column":8},"end":{"line":8,"column":78}},"12":{"start":{"line":11,"column":0},"end":{"line":11,"column":62}},"13":{"start":{"line":12,"column":0},"end":{"line":12,"column":35}},"14":{"start":{"line":13,"column":26},"end":{"line":44,"column":1}},"15":{"start":{"line":14,"column":4},"end":{"line":43,"column":7}},"16":{"start":{"line":14,"column":31},"end":{"line":43,"column":6}},"17":{"start":{"line":15,"column":21},"end":{"line":15,"column":45}},"18":{"start":{"line":16,"column":22},"end":{"line":16,"column":47}},"19":{"start":{"line":17,"column":26},"end":{"line":17,"column":44}},"20":{"start":{"line":18,"column":27},"end":{"line":18,"column":45}},"21":{"start":{"line":19,"column":25},"end":{"line":19,"column":37}},"22":{"start":{"line":20,"column":23},"end":{"line":22,"column":9}},"23":{"start":{"line":23,"column":8},"end":{"line":28,"column":9}},"24":{"start":{"line":24,"column":12},"end":{"line":27,"column":14}},"25":{"start":{"line":29,"column":8},"end":{"line":34,"column":9}},"26":{"start":{"line":30,"column":12},"end":{"line":33,"column":14}},"27":{"start":{"line":35,"column":8},"end":{"line":42,"column":9}},"28":{"start":{"line":36,"column":12},"end":{"line":36,"column":78}},"29":{"start":{"line":37,"column":12},"end":{"line":37,"column":33}},"30":{"start":{"line":38,"column":12},"end":{"line":38,"column":19}},"31":{"start":{"line":41,"column":12},"end":{"line":41,"column":20}},"32":{"start":{"line":45,"column":0},"end":{"line":45,"column":46}},"33":{"start":{"line":46,"column":0},"end":{"line":46,"column":44}}},"fnMap":{"0":{"name":"(anonymous_0)","decl":{"start":{"line":2,"column":44},"end":{"line":2,"column":45}},"loc":{"start":{"line":2,"column":89},"end":{"line":10,"column":1}},"line":2},"1":{"name":"adopt","decl":{"start":{"line":3,"column":13},"end":{"line":3,"column":18}},"loc":{"start":{"line":3,"column":26},"end":{"line":3,"column":112}},"line":3},"2":{"name":"(anonymous_2)","decl":{"start":{"line":3,"column":70},"end":{"line":3,"column":71}},"loc":{"start":{"line":3,"column":89},"end":{"line":3,"column":108}},"line":3},"3":{"name":"(anonymous_3)","decl":{"start":{"line":4,"column":36},"end":{"line":4,"column":37}},"loc":{"start":{"line":4,"column":63},"end":{"line":9,"column":5}},"line":4},"4":{"name":"fulfilled","decl":{"start":{"line":5,"column":17},"end":{"line":5,"column":26}},"loc":{"start":{"line":5,"column":34},"end":{"line":5,"column":99}},"line":5},"5":{"name":"rejected","decl":{"start":{"line":6,"column":17},"end":{"line":6,"column":25}},"loc":{"start":{"line":6,"column":33},"end":{"line":6,"column":102}},"line":6},"6":{"name":"step","decl":{"start":{"line":7,"column":17},"end":{"line":7,"column":21}},"loc":{"start":{"line":7,"column":30},"end":{"line":7,"column":118}},"line":7},"7":{"name":"(anonymous_7)","decl":{"start":{"line":13,"column":26},"end":{"line":13,"column":27}},"loc":{"start":{"line":13,"column":37},"end":{"line":44,"column":1}},"line":13},"8":{"name":"(anonymous_8)","decl":{"start":{"line":14,"column":11},"end":{"line":14,"column":12}},"loc":{"start":{"line":14,"column":31},"end":{"line":43,"column":6}},"line":14},"9":{"name":"(anonymous_9)","decl":{"start":{"line":14,"column":65},"end":{"line":14,"column":66}},"loc":{"start":{"line":14,"column":78},"end":{"line":43,"column":5}},"line":14}},"branchMap":{"0":{"loc":{"start":{"line":2,"column":16},"end":{"line":10,"column":1}},"type":"binary-expr","locations":[{"start":{"line":2,"column":17},"end":{"line":2,"column":21}},{"start":{"line":2,"column":25},"end":{"line":2,"column":39}},{"start":{"line":2,"column":44},"end":{"line":10,"column":1}}],"line":2},"1":{"loc":{"start":{"line":3,"column":35},"end":{"line":3,"column":109}},"type":"cond-expr","locations":[{"start":{"line":3,"column":56},"end":{"line":3,"column":61}},{"start":{"line":3,"column":64},"end":{"line":3,"column":109}}],"line":3},"2":{"loc":{"start":{"line":4,"column":16},"end":{"line":4,"column":34}},"type":"binary-expr","locations":[{"start":{"line":4,"column":16},"end":{"line":4,"column":17}},{"start":{"line":4,"column":22},"end":{"line":4,"column":33}}],"line":4},"3":{"loc":{"start":{"line":7,"column":32},"end":{"line":7,"column":115}},"type":"cond-expr","locations":[{"start":{"line":7,"column":46},"end":{"line":7,"column":67}},{"start":{"line":7,"column":70},"end":{"line":7,"column":115}}],"line":7},"4":{"loc":{"start":{"line":8,"column":51},"end":{"line":8,"column":67}},"type":"binary-expr","locations":[{"start":{"line":8,"column":51},"end":{"line":8,"column":61}},{"start":{"line":8,"column":65},"end":{"line":8,"column":67}}],"line":8},"5":{"loc":{"start":{"line":23,"column":8},"end":{"line":28,"column":9}},"type":"if","locations":[{"start":{"line":23,"column":8},"end":{"line":28,"column":9}},{"start":{},"end":{}}],"line":23},"6":{"loc":{"start":{"line":29,"column":8},"end":{"line":34,"column":9}},"type":"if","locations":[{"start":{"line":29,"column":8},"end":{"line":34,"column":9}},{"start":{},"end":{}}],"line":29}},"s":{"0":1,"1":2,"2":1,"3":1,"4":2,"5":2,"6":0,"7":0,"8":0,"9":0,"10":3,"11":1,"12":1,"13":1,"14":1,"15":1,"16":1,"17":1,"18":1,"19":1,"20":1,"21":1,"22":1,"23":1,"24":0,"25":1,"26":0,"27":1,"28":1,"29":1,"30":1,"31":0,"32":1,"33":1},"f":{"0":1,"1":2,"2":1,"3":1,"4":2,"5":0,"6":3,"7":1,"8":1,"9":1},"b":{"0":[1,1,1],"1":[1,1],"2":[1,1],"3":[1,2],"4":[1,1],"5":[0,1],"6":[0,1]},"inputSourceMap":null,"_coverageSchema":"1a1c01bbd47fc00a2c39e90264f33305004495a9","hash":"32235729050396488b0de922b661e7b326c5676e"}
,"C:\\Users\\g.visco.ISYDEDOM\\OneDrive - BE THINK, SOLVE, EXECUTE S.P.A\\Desktop\\interviews-back-end-assignment\\build\\models\\entities\\productModel.js": {"path":"C:\\Users\\g.visco.ISYDEDOM\\OneDrive - BE THINK, SOLVE, EXECUTE S.P.A\\Desktop\\interviews-back-end-assignment\\build\\models\\entities\\productModel.js","statementMap":{"0":{"start":{"line":2,"column":22},"end":{"line":12,"column":3}},"1":{"start":{"line":3,"column":4},"end":{"line":3,"column":33}},"2":{"start":{"line":3,"column":26},"end":{"line":3,"column":33}},"3":{"start":{"line":4,"column":15},"end":{"line":4,"column":52}},"4":{"start":{"line":5,"column":4},"end":{"line":7,"column":5}},"5":{"start":{"line":6,"column":6},"end":{"line":6,"column":68}},"6":{"start":{"line":6,"column":51},"end":{"line":6,"column":63}},"7":{"start":{"line":8,"column":4},"end":{"line":8,"column":39}},"8":{"start":{"line":10,"column":4},"end":{"line":10,"column":33}},"9":{"start":{"line":10,"column":26},"end":{"line":10,"column":33}},"10":{"start":{"line":11,"column":4},"end":{"line":11,"column":17}},"11":{"start":{"line":13,"column":25},"end":{"line":17,"column":2}},"12":{"start":{"line":14,"column":4},"end":{"line":14,"column":72}},"13":{"start":{"line":16,"column":4},"end":{"line":16,"column":21}},"14":{"start":{"line":18,"column":19},"end":{"line":24,"column":1}},"15":{"start":{"line":19,"column":4},"end":{"line":19,"column":42}},"16":{"start":{"line":19,"column":31},"end":{"line":19,"column":42}},"17":{"start":{"line":20,"column":17},"end":{"line":20,"column":19}},"18":{"start":{"line":21,"column":4},"end":{"line":21,"column":141}},"19":{"start":{"line":21,"column":21},"end":{"line":21,"column":141}},"20":{"start":{"line":21,"column":40},"end":{"line":21,"column":141}},"21":{"start":{"line":21,"column":109},"end":{"line":21,"column":141}},"22":{"start":{"line":22,"column":4},"end":{"line":22,"column":36}},"23":{"start":{"line":23,"column":4},"end":{"line":23,"column":18}},"24":{"start":{"line":25,"column":0},"end":{"line":25,"column":62}},"25":{"start":{"line":26,"column":19},"end":{"line":26,"column":52}},"26":{"start":{"line":27,"column":22},"end":{"line":33,"column":2}},"27":{"start":{"line":34,"column":16},"end":{"line":34,"column":66}},"28":{"start":{"line":35,"column":0},"end":{"line":35,"column":26}}},"fnMap":{"0":{"name":"(anonymous_0)","decl":{"start":{"line":2,"column":74},"end":{"line":2,"column":75}},"loc":{"start":{"line":2,"column":96},"end":{"line":9,"column":1}},"line":2},"1":{"name":"(anonymous_1)","decl":{"start":{"line":6,"column":38},"end":{"line":6,"column":39}},"loc":{"start":{"line":6,"column":49},"end":{"line":6,"column":65}},"line":6},"2":{"name":"(anonymous_2)","decl":{"start":{"line":9,"column":6},"end":{"line":9,"column":7}},"loc":{"start":{"line":9,"column":28},"end":{"line":12,"column":1}},"line":9},"3":{"name":"(anonymous_3)","decl":{"start":{"line":13,"column":80},"end":{"line":13,"column":81}},"loc":{"start":{"line":13,"column":95},"end":{"line":15,"column":1}},"line":13},"4":{"name":"(anonymous_4)","decl":{"start":{"line":15,"column":5},"end":{"line":15,"column":6}},"loc":{"start":{"line":15,"column":20},"end":{"line":17,"column":1}},"line":15},"5":{"name":"(anonymous_5)","decl":{"start":{"line":18,"column":50},"end":{"line":18,"column":51}},"loc":{"start":{"line":18,"column":65},"end":{"line":24,"column":1}},"line":18}},"branchMap":{"0":{"loc":{"start":{"line":2,"column":22},"end":{"line":12,"column":3}},"type":"binary-expr","locations":[{"start":{"line":2,"column":23},"end":{"line":2,"column":27}},{"start":{"line":2,"column":31},"end":{"line":2,"column":51}},{"start":{"line":2,"column":57},"end":{"line":12,"column":2}}],"line":2},"1":{"loc":{"start":{"line":2,"column":57},"end":{"line":12,"column":2}},"type":"cond-expr","locations":[{"start":{"line":2,"column":74},"end":{"line":9,"column":1}},{"start":{"line":9,"column":6},"end":{"line":12,"column":1}}],"line":2},"2":{"loc":{"start":{"line":3,"column":4},"end":{"line":3,"column":33}},"type":"if","locations":[{"start":{"line":3,"column":4},"end":{"line":3,"column":33}},{"start":{},"end":{}}],"line":3},"3":{"loc":{"start":{"line":5,"column":4},"end":{"line":7,"column":5}},"type":"if","locations":[{"start":{"line":5,"column":4},"end":{"line":7,"column":5}},{"start":{},"end":{}}],"line":5},"4":{"loc":{"start":{"line":5,"column":8},"end":{"line":5,"column":85}},"type":"binary-expr","locations":[{"start":{"line":5,"column":8},"end":{"line":5,"column":13}},{"start":{"line":5,"column":18},"end":{"line":5,"column":84}}],"line":5},"5":{"loc":{"start":{"line":5,"column":18},"end":{"line":5,"column":84}},"type":"cond-expr","locations":[{"start":{"line":5,"column":34},"end":{"line":5,"column":47}},{"start":{"line":5,"column":50},"end":{"line":5,"column":84}}],"line":5},"6":{"loc":{"start":{"line":5,"column":50},"end":{"line":5,"column":84}},"type":"binary-expr","locations":[{"start":{"line":5,"column":50},"end":{"line":5,"column":63}},{"start":{"line":5,"column":67},"end":{"line":5,"column":84}}],"line":5},"7":{"loc":{"start":{"line":10,"column":4},"end":{"line":10,"column":33}},"type":"if","locations":[{"start":{"line":10,"column":4},"end":{"line":10,"column":33}},{"start":{},"end":{}}],"line":10},"8":{"loc":{"start":{"line":13,"column":25},"end":{"line":17,"column":2}},"type":"binary-expr","locations":[{"start":{"line":13,"column":26},"end":{"line":13,"column":30}},{"start":{"line":13,"column":34},"end":{"line":13,"column":57}},{"start":{"line":13,"column":63},"end":{"line":17,"column":1}}],"line":13},"9":{"loc":{"start":{"line":13,"column":63},"end":{"line":17,"column":1}},"type":"cond-expr","locations":[{"start":{"line":13,"column":80},"end":{"line":15,"column":1}},{"start":{"line":15,"column":5},"end":{"line":17,"column":1}}],"line":13},"10":{"loc":{"start":{"line":18,"column":19},"end":{"line":24,"column":1}},"type":"binary-expr","locations":[{"start":{"line":18,"column":20},"end":{"line":18,"column":24}},{"start":{"line":18,"column":28},"end":{"line":18,"column":45}},{"start":{"line":18,"column":50},"end":{"line":24,"column":1}}],"line":18},"11":{"loc":{"start":{"line":19,"column":4},"end":{"line":19,"column":42}},"type":"if","locations":[{"start":{"line":19,"column":4},"end":{"line":19,"column":42}},{"start":{},"end":{}}],"line":19},"12":{"loc":{"start":{"line":19,"column":8},"end":{"line":19,"column":29}},"type":"binary-expr","locations":[{"start":{"line":19,"column":8},"end":{"line":19,"column":11}},{"start":{"line":19,"column":15},"end":{"line":19,"column":29}}],"line":19},"13":{"loc":{"start":{"line":21,"column":4},"end":{"line":21,"column":141}},"type":"if","locations":[{"start":{"line":21,"column":4},"end":{"line":21,"column":141}},{"start":{},"end":{}}],"line":21},"14":{"loc":{"start":{"line":21,"column":40},"end":{"line":21,"column":141}},"type":"if","locations":[{"start":{"line":21,"column":40},"end":{"line":21,"column":141}},{"start":{},"end":{}}],"line":21},"15":{"loc":{"start":{"line":21,"column":44},"end":{"line":21,"column":107}},"type":"binary-expr","locations":[{"start":{"line":21,"column":44},"end":{"line":21,"column":59}},{"start":{"line":21,"column":63},"end":{"line":21,"column":107}}],"line":21}},"s":{"0":1,"1":52,"2":52,"3":52,"4":52,"5":51,"6":1,"7":52,"8":0,"9":0,"10":0,"11":1,"12":1,"13":0,"14":1,"15":1,"16":0,"17":1,"18":1,"19":1,"20":60,"21":52,"22":1,"23":1,"24":1,"25":1,"26":1,"27":1,"28":1},"f":{"0":52,"1":1,"2":0,"3":1,"4":0,"5":1},"b":{"0":[1,1,1],"1":[1,0],"2":[52,0],"3":[51,1],"4":[52,52],"5":[0,52],"6":[52,1],"7":[0,0],"8":[1,1,1],"9":[1,0],"10":[1,1,1],"11":[0,1],"12":[1,1],"13":[1,0],"14":[52,8],"15":[60,59]},"inputSourceMap":null,"_coverageSchema":"1a1c01bbd47fc00a2c39e90264f33305004495a9","hash":"797e0ab6dabda168e0df4adcb56fcf0593356bca"}
,"C:\\Users\\g.visco.ISYDEDOM\\OneDrive - BE THINK, SOLVE, EXECUTE S.P.A\\Desktop\\interviews-back-end-assignment\\build\\routes\\products.js": {"path":"C:\\Users\\g.visco.ISYDEDOM\\OneDrive - BE THINK, SOLVE, EXECUTE S.P.A\\Desktop\\interviews-back-end-assignment\\build\\routes\\products.js","statementMap":{"0":{"start":{"line":2,"column":22},"end":{"line":4,"column":1}},"1":{"start":{"line":3,"column":4},"end":{"line":3,"column":62}},"2":{"start":{"line":5,"column":0},"end":{"line":5,"column":62}},"3":{"start":{"line":6,"column":18},"end":{"line":6,"column":53}},"4":{"start":{"line":7,"column":30},"end":{"line":7,"column":92}},"5":{"start":{"line":8,"column":23},"end":{"line":8,"column":82}},"6":{"start":{"line":9,"column":28},"end":{"line":9,"column":87}},"7":{"start":{"line":10,"column":15},"end":{"line":10,"column":41}},"8":{"start":{"line":11,"column":0},"end":{"line":11,"column":128}},"9":{"start":{"line":12,"column":0},"end":{"line":12,"column":108}},"10":{"start":{"line":13,"column":0},"end":{"line":13,"column":100}},"11":{"start":{"line":14,"column":0},"end":{"line":14,"column":25}}},"fnMap":{"0":{"name":"(anonymous_0)","decl":{"start":{"line":2,"column":56},"end":{"line":2,"column":57}},"loc":{"start":{"line":2,"column":71},"end":{"line":4,"column":1}},"line":2}},"branchMap":{"0":{"loc":{"start":{"line":2,"column":22},"end":{"line":4,"column":1}},"type":"binary-expr","locations":[{"start":{"line":2,"column":23},"end":{"line":2,"column":27}},{"start":{"line":2,"column":31},"end":{"line":2,"column":51}},{"start":{"line":2,"column":56},"end":{"line":4,"column":1}}],"line":2},"1":{"loc":{"start":{"line":3,"column":11},"end":{"line":3,"column":61}},"type":"cond-expr","locations":[{"start":{"line":3,"column":37},"end":{"line":3,"column":40}},{"start":{"line":3,"column":43},"end":{"line":3,"column":61}}],"line":3},"2":{"loc":{"start":{"line":3,"column":12},"end":{"line":3,"column":33}},"type":"binary-expr","locations":[{"start":{"line":3,"column":12},"end":{"line":3,"column":15}},{"start":{"line":3,"column":19},"end":{"line":3,"column":33}}],"line":3}},"s":{"0":1,"1":4,"2":1,"3":1,"4":1,"5":1,"6":1,"7":1,"8":1,"9":1,"10":1,"11":1},"f":{"0":4},"b":{"0":[1,1,1],"1":[3,1],"2":[4,4]},"inputSourceMap":null,"_coverageSchema":"1a1c01bbd47fc00a2c39e90264f33305004495a9","hash":"41b3d699d04200fded9798a0fe9f67d95b84af8d"}
,"C:\\Users\\g.visco.ISYDEDOM\\OneDrive - BE THINK, SOLVE, EXECUTE S.P.A\\Desktop\\interviews-back-end-assignment\\src\\constants.ts": {"path":"C:\\Users\\g.visco.ISYDEDOM\\OneDrive - BE THINK, SOLVE, EXECUTE S.P.A\\Desktop\\interviews-back-end-assignment\\src\\constants.ts","statementMap":{"0":{"start":{"line":1,"column":13},"end":{"line":7,"column":2}}},"fnMap":{},"branchMap":{},"s":{"0":1},"f":{},"b":{}}
,"C:\\Users\\g.visco.ISYDEDOM\\OneDrive - BE THINK, SOLVE, EXECUTE S.P.A\\Desktop\\interviews-back-end-assignment\\src\\config\\app.ts": {"path":"C:\\Users\\g.visco.ISYDEDOM\\OneDrive - BE THINK, SOLVE, EXECUTE S.P.A\\Desktop\\interviews-back-end-assignment\\src\\config\\app.ts","statementMap":{"0":{"start":{"line":1,"column":0},"end":{"line":1,"column":44}},"1":{"start":{"line":2,"column":0},"end":{"line":2,"column":39}},"2":{"start":{"line":3,"column":0},"end":{"line":3,"column":54}},"3":{"start":{"line":5,"column":24},"end":{"line":5,"column":33}},"4":{"start":{"line":7,"column":0},"end":{"line":7,"column":null}},"5":{"start":{"line":8,"column":0},"end":{"line":8,"column":24}},"6":{"start":{"line":9,"column":0},"end":{"line":9,"column":null}},"7":{"start":{"line":11,"column":0},"end":{"line":11,"column":19}}},"fnMap":{},"branchMap":{},"s":{"0":1,"1":1,"2":1,"3":1,"4":1,"5":1,"6":1,"7":1},"f":{},"b":{}}
,"C:\\Users\\g.visco.ISYDEDOM\\OneDrive - BE THINK, SOLVE, EXECUTE S.P.A\\Desktop\\interviews-back-end-assignment\\src\\controllers\\products.controller.ts": {"path":"C:\\Users\\g.visco.ISYDEDOM\\OneDrive - BE THINK, SOLVE, EXECUTE S.P.A\\Desktop\\interviews-back-end-assignment\\src\\controllers\\products.controller.ts","statementMap":{"0":{"start":{"line":2,"column":0},"end":{"line":2,"column":54}},"1":{"start":{"line":8,"column":20},"end":{"line":40,"column":2}},"2":{"start":{"line":8,"column":78},"end":{"line":40,"column":2}},"3":{"start":{"line":9,"column":2},"end":{"line":39,"column":3}},"4":{"start":{"line":10,"column":25},"end":{"line":10,"column":64}},"5":{"start":{"line":11,"column":26},"end":{"line":11,"column":67}},"6":{"start":{"line":12,"column":30},"end":{"line":12,"column":48}},"7":{"start":{"line":14,"column":26},"end":{"line":14,"column":63}},"8":{"start":{"line":15,"column":23},"end":{"line":15,"column":55}},"9":{"start":{"line":17,"column":21},"end":{"line":17,"column":70}},"10":{"start":{"line":19,"column":4},"end":{"line":23,"column":5}},"11":{"start":{"line":20,"column":6},"end":{"line":22,"column":64}},"12":{"start":{"line":25,"column":4},"end":{"line":36,"column":7}},"13":{"start":{"line":38,"column":4},"end":{"line":38,"column":16}},"14":{"start":{"line":45,"column":39},"end":{"line":85,"column":2}},"15":{"start":{"line":49,"column":4},"end":{"line":85,"column":2}},"16":{"start":{"line":50,"column":2},"end":{"line":84,"column":3}},"17":{"start":{"line":51,"column":24},"end":{"line":51,"column":45}},"18":{"start":{"line":52,"column":25},"end":{"line":52,"column":46}},"19":{"start":{"line":53,"column":25},"end":{"line":53,"column":64}},"20":{"start":{"line":54,"column":26},"end":{"line":54,"column":67}},"21":{"start":{"line":55,"column":30},"end":{"line":55,"column":48}},"22":{"start":{"line":57,"column":26},"end":{"line":57,"column":63}},"23":{"start":{"line":58,"column":23},"end":{"line":58,"column":55}},"24":{"start":{"line":59,"column":21},"end":{"line":62,"column":35}},"25":{"start":{"line":64,"column":4},"end":{"line":68,"column":5}},"26":{"start":{"line":65,"column":6},"end":{"line":67,"column":63}},"27":{"start":{"line":70,"column":4},"end":{"line":81,"column":9}},"28":{"start":{"line":83,"column":4},"end":{"line":83,"column":16}},"29":{"start":{"line":90,"column":35},"end":{"line":122,"column":2}},"30":{"start":{"line":94,"column":4},"end":{"line":122,"column":2}},"31":{"start":{"line":95,"column":2},"end":{"line":121,"column":3}},"32":{"start":{"line":96,"column":39},"end":{"line":110,"column":6}},"33":{"start":{"line":112,"column":4},"end":{"line":116,"column":5}},"34":{"start":{"line":113,"column":6},"end":{"line":115,"column":66}},"35":{"start":{"line":118,"column":4},"end":{"line":118,"column":53}},"36":{"start":{"line":120,"column":4},"end":{"line":120,"column":null}},"37":{"start":{"line":125,"column":0},"end":{"line":129,"column":2}}},"fnMap":{"0":{"name":"(anonymous_8)","decl":{"start":{"line":8,"column":20},"end":{"line":8,"column":27}},"loc":{"start":{"line":8,"column":78},"end":{"line":40,"column":2}}},"1":{"name":"(anonymous_9)","decl":{"start":{"line":8,"column":78},"end":{"line":8,"column":null}},"loc":{"start":{"line":8,"column":78},"end":{"line":40,"column":1}}},"2":{"name":"(anonymous_10)","decl":{"start":{"line":45,"column":39},"end":{"line":45,"column":null}},"loc":{"start":{"line":49,"column":4},"end":{"line":85,"column":2}}},"3":{"name":"(anonymous_11)","decl":{"start":{"line":49,"column":4},"end":{"line":49,"column":null}},"loc":{"start":{"line":49,"column":4},"end":{"line":85,"column":1}}},"4":{"name":"(anonymous_12)","decl":{"start":{"line":90,"column":35},"end":{"line":90,"column":null}},"loc":{"start":{"line":94,"column":4},"end":{"line":122,"column":2}}},"5":{"name":"(anonymous_13)","decl":{"start":{"line":94,"column":4},"end":{"line":94,"column":null}},"loc":{"start":{"line":94,"column":4},"end":{"line":122,"column":1}}}},"branchMap":{"0":{"loc":{"start":{"line":10,"column":25},"end":{"line":10,"column":64}},"type":"binary-expr","locations":[{"start":{"line":10,"column":25},"end":{"line":10,"column":59}},{"start":{"line":10,"column":63},"end":{"line":10,"column":64}}]},"1":{"loc":{"start":{"line":11,"column":26},"end":{"line":11,"column":67}},"type":"binary-expr","locations":[{"start":{"line":11,"column":26},"end":{"line":11,"column":61}},{"start":{"line":11,"column":65},"end":{"line":11,"column":67}}]},"2":{"loc":{"start":{"line":19,"column":4},"end":{"line":23,"column":5}},"type":"if","locations":[{"start":{"line":19,"column":4},"end":{"line":23,"column":5}}]},"3":{"loc":{"start":{"line":33,"column":18},"end":{"line":33,"column":53}},"type":"cond-expr","locations":[{"start":{"line":33,"column":38},"end":{"line":33,"column":46}},{"start":{"line":33,"column":49},"end":{"line":33,"column":53}}]},"4":{"loc":{"start":{"line":34,"column":22},"end":{"line":34,"column":48}},"type":"cond-expr","locations":[{"start":{"line":34,"column":33},"end":{"line":34,"column":41}},{"start":{"line":34,"column":44},"end":{"line":34,"column":48}}]},"5":{"loc":{"start":{"line":51,"column":24},"end":{"line":51,"column":45}},"type":"binary-expr","locations":[{"start":{"line":51,"column":24},"end":{"line":51,"column":39}},{"start":{"line":51,"column":43},"end":{"line":51,"column":45}}]},"6":{"loc":{"start":{"line":52,"column":25},"end":{"line":52,"column":46}},"type":"binary-expr","locations":[{"start":{"line":52,"column":25},"end":{"line":52,"column":40}},{"start":{"line":52,"column":44},"end":{"line":52,"column":46}}]},"7":{"loc":{"start":{"line":53,"column":25},"end":{"line":53,"column":64}},"type":"binary-expr","locations":[{"start":{"line":53,"column":25},"end":{"line":53,"column":59}},{"start":{"line":53,"column":63},"end":{"line":53,"column":64}}]},"8":{"loc":{"start":{"line":54,"column":26},"end":{"line":54,"column":67}},"type":"binary-expr","locations":[{"start":{"line":54,"column":26},"end":{"line":54,"column":61}},{"start":{"line":54,"column":65},"end":{"line":54,"column":67}}]},"9":{"loc":{"start":{"line":64,"column":4},"end":{"line":68,"column":5}},"type":"if","locations":[{"start":{"line":64,"column":4},"end":{"line":68,"column":5}}]},"10":{"loc":{"start":{"line":78,"column":20},"end":{"line":78,"column":55}},"type":"cond-expr","locations":[{"start":{"line":78,"column":40},"end":{"line":78,"column":48}},{"start":{"line":78,"column":51},"end":{"line":78,"column":55}}]},"11":{"loc":{"start":{"line":79,"column":24},"end":{"line":79,"column":50}},"type":"cond-expr","locations":[{"start":{"line":79,"column":35},"end":{"line":79,"column":43}},{"start":{"line":79,"column":46},"end":{"line":79,"column":50}}]},"12":{"loc":{"start":{"line":112,"column":4},"end":{"line":116,"column":5}},"type":"if","locations":[{"start":{"line":112,"column":4},"end":{"line":116,"column":5}}]}},"s":{"0":1,"1":1,"2":1,"3":1,"4":1,"5":1,"6":1,"7":1,"8":1,"9":1,"10":1,"11":0,"12":1,"13":0,"14":1,"15":3,"16":3,"17":3,"18":3,"19":3,"20":3,"21":3,"22":3,"23":3,"24":3,"25":3,"26":0,"27":3,"28":0,"29":1,"30":0,"31":0,"32":0,"33":0,"34":0,"35":0,"36":0,"37":1},"f":{"0":1,"1":1,"2":3,"3":3,"4":0,"5":0},"b":{"0":[1,1],"1":[1,1],"2":[0],"3":[0,1],"4":[0,1],"5":[3,1],"6":[3,1],"7":[3,3],"8":[3,3],"9":[0],"10":[0,3],"11":[0,3],"12":[0]}}
,"C:\\Users\\g.visco.ISYDEDOM\\OneDrive - BE THINK, SOLVE, EXECUTE S.P.A\\Desktop\\interviews-back-end-assignment\\src\\middleware\\errorHandler.ts": {"path":"C:\\Users\\g.visco.ISYDEDOM\\OneDrive - BE THINK, SOLVE, EXECUTE S.P.A\\Desktop\\interviews-back-end-assignment\\src\\middleware\\errorHandler.ts","statementMap":{"0":{"start":{"line":2,"column":0},"end":{"line":2,"column":43}},"1":{"start":{"line":4,"column":21},"end":{"line":51,"column":1}},"2":{"start":{"line":5,"column":4},"end":{"line":5,"column":null}},"3":{"start":{"line":6,"column":29},"end":{"line":6,"column":66}},"4":{"start":{"line":7,"column":2},"end":{"line":50,"column":3}},"5":{"start":{"line":9,"column":6},"end":{"line":13,"column":9}},"6":{"start":{"line":14,"column":6},"end":{"line":14,"column":12}},"7":{"start":{"line":16,"column":6},"end":{"line":20,"column":9}},"8":{"start":{"line":21,"column":6},"end":{"line":21,"column":12}},"9":{"start":{"line":23,"column":6},"end":{"line":27,"column":9}},"10":{"start":{"line":28,"column":6},"end":{"line":28,"column":12}},"11":{"start":{"line":30,"column":6},"end":{"line":34,"column":9}},"12":{"start":{"line":35,"column":6},"end":{"line":35,"column":12}},"13":{"start":{"line":37,"column":6},"end":{"line":41,"column":9}},"14":{"start":{"line":42,"column":6},"end":{"line":42,"column":12}},"15":{"start":{"line":44,"column":8},"end":{"line":48,"column":13}},"16":{"start":{"line":49,"column":6},"end":{"line":49,"column":12}},"17":{"start":{"line":53,"column":0},"end":{"line":53,"column":28}}},"fnMap":{"0":{"name":"(anonymous_0)","decl":{"start":{"line":4,"column":21},"end":{"line":4,"column":22}},"loc":{"start":{"line":4,"column":83},"end":{"line":51,"column":1}}}},"branchMap":{"0":{"loc":{"start":{"line":6,"column":29},"end":{"line":6,"column":66}},"type":"cond-expr","locations":[{"start":{"line":6,"column":46},"end":{"line":6,"column":60}},{"start":{"line":6,"column":63},"end":{"line":6,"column":66}}]},"1":{"loc":{"start":{"line":7,"column":2},"end":{"line":50,"column":3}},"type":"switch","locations":[{"start":{"line":8,"column":4},"end":{"line":14,"column":12}},{"start":{"line":15,"column":4},"end":{"line":21,"column":12}},{"start":{"line":22,"column":4},"end":{"line":28,"column":12}},{"start":{"line":29,"column":4},"end":{"line":35,"column":12}},{"start":{"line":36,"column":4},"end":{"line":42,"column":12}},{"start":{"line":43,"column":4},"end":{"line":49,"column":12}}]}},"s":{"0":1,"1":1,"2":0,"3":0,"4":0,"5":0,"6":0,"7":0,"8":0,"9":0,"10":0,"11":0,"12":0,"13":0,"14":0,"15":0,"16":0,"17":1},"f":{"0":0},"b":{"0":[0,0],"1":[0,0,0,0,0,0]}}
,"C:\\Users\\g.visco.ISYDEDOM\\OneDrive - BE THINK, SOLVE, EXECUTE S.P.A\\Desktop\\interviews-back-end-assignment\\src\\middleware\\paginationHandler.ts": {"path":"C:\\Users\\g.visco.ISYDEDOM\\OneDrive - BE THINK, SOLVE, EXECUTE S.P.A\\Desktop\\interviews-back-end-assignment\\src\\middleware\\paginationHandler.ts","statementMap":{"0":{"start":{"line":5,"column":33},"end":{"line":40,"column":1}},"1":{"start":{"line":6,"column":2},"end":{"line":39,"column":4}},"2":{"start":{"line":6,"column":67},"end":{"line":39,"column":4}},"3":{"start":{"line":8,"column":25},"end":{"line":8,"column":59}},"4":{"start":{"line":9,"column":26},"end":{"line":9,"column":61}},"5":{"start":{"line":10,"column":30},"end":{"line":10,"column":48}},"6":{"start":{"line":11,"column":23},"end":{"line":11,"column":41}},"7":{"start":{"line":12,"column":21},"end":{"line":12,"column":33}},"8":{"start":{"line":14,"column":37},"end":{"line":16,"column":6}},"9":{"start":{"line":18,"column":4},"end":{"line":23,"column":7}},"10":{"start":{"line":19,"column":8},"end":{"line":22,"column":10}},"11":{"start":{"line":24,"column":6},"end":{"line":29,"column":7}},"12":{"start":{"line":25,"column":8},"end":{"line":28,"column":10}},"13":{"start":{"line":32,"column":4},"end":{"line":38,"column":5}},"14":{"start":{"line":33,"column":6},"end":{"line":33,"column":72}},"15":{"start":{"line":34,"column":7},"end":{"line":34,"column":51}},"16":{"start":{"line":35,"column":6},"end":{"line":35,"column":13}},"17":{"start":{"line":37,"column":6},"end":{"line":37,"column":14}},"18":{"start":{"line":5,"column":13},"end":{"line":5,"column":33}},"19":{"start":{"line":42,"column":0},"end":{"line":42,"column":33}}},"fnMap":{"0":{"name":"(anonymous_7)","decl":{"start":{"line":5,"column":33},"end":{"line":5,"column":34}},"loc":{"start":{"line":5,"column":48},"end":{"line":40,"column":1}}},"1":{"name":"(anonymous_8)","decl":{"start":{"line":6,"column":9},"end":{"line":6,"column":16}},"loc":{"start":{"line":6,"column":67},"end":{"line":39,"column":4}}},"2":{"name":"(anonymous_9)","decl":{"start":{"line":6,"column":67},"end":{"line":6,"column":null}},"loc":{"start":{"line":6,"column":67},"end":{"line":39,"column":3}}}},"branchMap":{"0":{"loc":{"start":{"line":18,"column":4},"end":{"line":23,"column":7}},"type":"if","locations":[{"start":{"line":18,"column":4},"end":{"line":23,"column":7}}]},"1":{"loc":{"start":{"line":24,"column":6},"end":{"line":29,"column":7}},"type":"if","locations":[{"start":{"line":24,"column":6},"end":{"line":29,"column":7}}]}},"s":{"0":1,"1":1,"2":1,"3":1,"4":1,"5":1,"6":1,"7":1,"8":1,"9":1,"10":0,"11":1,"12":0,"13":1,"14":1,"15":1,"16":1,"17":0,"18":1,"19":1},"f":{"0":1,"1":1,"2":1},"b":{"0":[0],"1":[0]}}
,"C:\\Users\\g.visco.ISYDEDOM\\OneDrive - BE THINK, SOLVE, EXECUTE S.P.A\\Desktop\\interviews-back-end-assignment\\src\\models\\entities\\productModel.ts": {"path":"C:\\Users\\g.visco.ISYDEDOM\\OneDrive - BE THINK, SOLVE, EXECUTE S.P.A\\Desktop\\interviews-back-end-assignment\\src\\models\\entities\\productModel.ts","statementMap":{"0":{"start":{"line":1,"column":0},"end":{"line":1,"column":68}},"1":{"start":{"line":5,"column":40},"end":{"line":11,"column":2}},"2":{"start":{"line":13,"column":16},"end":{"line":13,"column":66}},"3":{"start":{"line":15,"column":0},"end":{"line":15,"column":23}}},"fnMap":{},"branchMap":{},"s":{"0":1,"1":1,"2":1,"3":1},"f":{},"b":{}}
,"C:\\Users\\g.visco.ISYDEDOM\\OneDrive - BE THINK, SOLVE, EXECUTE S.P.A\\Desktop\\interviews-back-end-assignment\\src\\routes\\products.ts": {"path":"C:\\Users\\g.visco.ISYDEDOM\\OneDrive - BE THINK, SOLVE, EXECUTE S.P.A\\Desktop\\interviews-back-end-assignment\\src\\routes\\products.ts","statementMap":{"0":{"start":{"line":1,"column":0},"end":{"line":1,"column":30}},"1":{"start":{"line":2,"column":0},"end":{"line":2,"column":68}},"2":{"start":{"line":3,"column":0},"end":{"line":3,"column":54}},"3":{"start":{"line":4,"column":0},"end":{"line":4,"column":64}},"4":{"start":{"line":6,"column":15},"end":{"line":6,"column":31}},"5":{"start":{"line":8,"column":0},"end":{"line":8,"column":87}},"6":{"start":{"line":9,"column":0},"end":{"line":9,"column":98}},"7":{"start":{"line":10,"column":0},"end":{"line":10,"column":null}},"8":{"start":{"line":12,"column":0},"end":{"line":12,"column":22}}},"fnMap":{},"branchMap":{},"s":{"0":1,"1":1,"2":1,"3":1,"4":1,"5":1,"6":1,"7":1,"8":1},"f":{},"b":{}}
}
