TN:
SF:build\constants.js
FNF:0
FNH:0
DA:2,2
DA:3,2
DA:4,2
LF:3
LH:3
BRF:0
BRH:0
end_of_record
TN:
SF:build\config\app.js
FN:2,(anonymous_0)
FNF:1
FNH:1
FNDA:6,(anonymous_0)
DA:2,2
DA:3,6
DA:5,2
DA:6,2
DA:7,2
DA:8,2
DA:9,2
DA:10,2
DA:11,2
DA:12,2
DA:13,2
LF:11
LH:11
BRDA:2,0,0,2
BRDA:2,0,1,2
BRDA:2,0,2,2
BRDA:3,1,0,4
BRDA:3,1,1,2
BRDA:3,2,0,6
BRDA:3,2,1,6
BRF:7
BRH:7
end_of_record
TN:
SF:build\controllers\categories.controller.js
FN:2,(anonymous_0)
FN:3,adopt
FN:3,(anonymous_2)
FN:4,(anonymous_3)
FN:5,fulfilled
FN:6,rejected
FN:7,step
FN:11,(anonymous_7)
FN:19,(anonymous_8)
FN:19,(anonymous_9)
FNF:10
FNH:9
FNDA:2,(anonymous_0)
FNDA:2,adopt
FNDA:2,(anonymous_2)
FNDA:2,(anonymous_3)
FNDA:2,fulfilled
FNDA:0,rejected
FNDA:4,step
FNDA:2,(anonymous_7)
FNDA:2,(anonymous_8)
FNDA:2,(anonymous_9)
DA:2,2
DA:3,2
DA:4,2
DA:5,2
DA:6,0
DA:7,4
DA:8,2
DA:11,2
DA:12,2
DA:14,2
DA:15,2
DA:19,2
DA:20,2
DA:21,2
DA:36,2
DA:37,1
DA:41,1
DA:44,0
DA:47,2
LF:19
LH:17
BRDA:2,0,0,2
BRDA:2,0,1,2
BRDA:2,0,2,2
BRDA:3,1,0,0
BRDA:3,1,1,2
BRDA:4,2,0,2
BRDA:4,2,1,2
BRDA:7,3,0,2
BRDA:7,3,1,2
BRDA:8,4,0,2
BRDA:8,4,1,2
BRDA:11,5,0,2
BRDA:11,5,1,2
BRDA:11,5,2,2
BRDA:12,6,0,2
BRDA:12,6,1,0
BRDA:12,7,0,2
BRDA:12,7,1,2
BRDA:36,8,0,1
BRDA:36,8,1,1
BRF:20
BRH:18
end_of_record
TN:
SF:build\controllers\products.controller.js
FN:2,(anonymous_0)
FN:3,adopt
FN:3,(anonymous_2)
FN:4,(anonymous_3)
FN:5,fulfilled
FN:6,rejected
FN:7,step
FN:11,(anonymous_7)
FN:19,(anonymous_8)
FN:19,(anonymous_9)
FN:52,(anonymous_10)
FN:52,(anonymous_11)
FNF:12
FNH:11
FNDA:4,(anonymous_0)
FNDA:8,adopt
FNDA:4,(anonymous_2)
FNDA:4,(anonymous_3)
FNDA:8,fulfilled
FNDA:0,rejected
FNDA:12,step
FNDA:2,(anonymous_7)
FNDA:1,(anonymous_8)
FNDA:1,(anonymous_9)
FNDA:3,(anonymous_10)
FNDA:3,(anonymous_11)
DA:2,2
DA:3,8
DA:4,4
DA:5,8
DA:6,0
DA:7,12
DA:8,4
DA:11,2
DA:12,2
DA:14,2
DA:15,2
DA:19,2
DA:20,1
DA:21,1
DA:22,1
DA:23,1
DA:24,1
DA:25,1
DA:26,1
DA:27,1
DA:28,0
DA:32,1
DA:46,0
DA:52,3
DA:53,3
DA:54,3
DA:55,3
DA:56,3
DA:57,3
DA:58,3
DA:59,3
DA:60,3
DA:61,3
DA:65,3
DA:66,0
DA:70,3
DA:84,0
DA:87,2
LF:38
LH:33
BRDA:2,0,0,2
BRDA:2,0,1,2
BRDA:2,0,2,2
BRDA:3,1,0,4
BRDA:3,1,1,4
BRDA:4,2,0,4
BRDA:4,2,1,4
BRDA:7,3,0,4
BRDA:7,3,1,8
BRDA:8,4,0,4
BRDA:8,4,1,4
BRDA:11,5,0,2
BRDA:11,5,1,2
BRDA:11,5,2,2
BRDA:12,6,0,2
BRDA:12,6,1,0
BRDA:12,7,0,2
BRDA:12,7,1,2
BRDA:21,8,0,1
BRDA:21,8,1,1
BRDA:22,9,0,1
BRDA:22,9,1,1
BRDA:27,10,0,0
BRDA:27,10,1,1
BRDA:40,11,0,0
BRDA:40,11,1,1
BRDA:41,12,0,0
BRDA:41,12,1,1
BRDA:54,13,0,3
BRDA:54,13,1,1
BRDA:55,14,0,3
BRDA:55,14,1,1
BRDA:56,15,0,3
BRDA:56,15,1,3
BRDA:57,16,0,3
BRDA:57,16,1,3
BRDA:65,17,0,0
BRDA:65,17,1,3
BRDA:78,18,0,0
BRDA:78,18,1,3
BRDA:79,19,0,0
BRDA:79,19,1,3
BRF:42
BRH:35
end_of_record
TN:
SF:build\middleware\errorHandler.js
FN:4,(anonymous_0)
FNF:1
FNH:0
FNDA:0,(anonymous_0)
DA:2,2
DA:3,2
DA:4,2
DA:5,0
DA:6,0
DA:7,0
DA:9,0
DA:14,0
DA:16,0
DA:21,0
DA:23,0
DA:28,0
DA:30,0
DA:35,0
DA:37,0
DA:42,0
DA:44,0
DA:49,0
DA:52,2
LF:19
LH:4
BRDA:6,0,0,0
BRDA:6,0,1,0
BRDA:7,1,0,0
BRDA:7,1,1,0
BRDA:7,1,2,0
BRDA:7,1,3,0
BRDA:7,1,4,0
BRDA:7,1,5,0
BRF:8
BRH:0
end_of_record
TN:
SF:build\middleware\paginationHandler.js
FN:2,(anonymous_0)
FN:3,adopt
FN:3,(anonymous_2)
FN:4,(anonymous_3)
FN:5,fulfilled
FN:6,rejected
FN:7,step
FN:13,(anonymous_7)
FN:14,(anonymous_8)
FN:14,(anonymous_9)
FNF:10
FNH:9
FNDA:1,(anonymous_0)
FNDA:2,adopt
FNDA:1,(anonymous_2)
FNDA:1,(anonymous_3)
FNDA:2,fulfilled
FNDA:0,rejected
FNDA:3,step
FNDA:2,(anonymous_7)
FNDA:1,(anonymous_8)
FNDA:1,(anonymous_9)
DA:2,2
DA:3,2
DA:4,1
DA:5,2
DA:6,0
DA:7,3
DA:8,1
DA:11,2
DA:12,2
DA:13,2
DA:14,2
DA:15,1
DA:16,1
DA:17,1
DA:18,1
DA:19,1
DA:20,1
DA:23,1
DA:24,0
DA:29,1
DA:30,0
DA:35,1
DA:36,1
DA:37,1
DA:38,1
DA:41,0
DA:45,2
DA:46,2
LF:28
LH:24
BRDA:2,0,0,2
BRDA:2,0,1,2
BRDA:2,0,2,2
BRDA:3,1,0,1
BRDA:3,1,1,1
BRDA:4,2,0,1
BRDA:4,2,1,1
BRDA:7,3,0,1
BRDA:7,3,1,2
BRDA:8,4,0,1
BRDA:8,4,1,1
BRDA:23,5,0,0
BRDA:23,5,1,1
BRDA:29,6,0,0
BRDA:29,6,1,1
BRF:15
BRH:13
end_of_record
TN:
SF:build\models\entities\productModel.js
FN:2,(anonymous_0)
FN:6,(anonymous_1)
FN:9,(anonymous_2)
FN:13,(anonymous_3)
FN:15,(anonymous_4)
FN:18,(anonymous_5)
FNF:6
FNH:4
FNDA:104,(anonymous_0)
FNDA:2,(anonymous_1)
FNDA:0,(anonymous_2)
FNDA:2,(anonymous_3)
FNDA:0,(anonymous_4)
FNDA:2,(anonymous_5)
DA:2,2
DA:3,104
DA:4,104
DA:5,104
DA:6,102
DA:8,104
DA:10,0
DA:11,0
DA:13,2
DA:14,2
DA:16,0
DA:18,2
DA:19,2
DA:20,2
DA:21,120
DA:22,2
DA:23,2
DA:25,2
DA:26,2
DA:27,2
DA:34,2
DA:35,2
LF:22
LH:19
BRDA:2,0,0,2
BRDA:2,0,1,2
BRDA:2,0,2,2
BRDA:2,1,0,2
BRDA:2,1,1,0
BRDA:3,2,0,104
BRDA:3,2,1,0
BRDA:5,3,0,102
BRDA:5,3,1,2
BRDA:5,4,0,104
BRDA:5,4,1,104
BRDA:5,5,0,0
BRDA:5,5,1,104
BRDA:5,6,0,104
BRDA:5,6,1,2
BRDA:10,7,0,0
BRDA:10,7,1,0
BRDA:13,8,0,2
BRDA:13,8,1,2
BRDA:13,8,2,2
BRDA:13,9,0,2
BRDA:13,9,1,0
BRDA:18,10,0,2
BRDA:18,10,1,2
BRDA:18,10,2,2
BRDA:19,11,0,0
BRDA:19,11,1,2
BRDA:19,12,0,2
BRDA:19,12,1,2
BRDA:21,13,0,2
BRDA:21,13,1,0
BRDA:21,14,0,104
BRDA:21,14,1,16
BRDA:21,15,0,120
BRDA:21,15,1,118
BRF:35
BRH:27
end_of_record
TN:
SF:build\routes\products.js
FN:2,(anonymous_0)
FNF:1
FNH:1
FNDA:10,(anonymous_0)
DA:2,2
DA:3,10
DA:5,2
DA:6,2
DA:7,2
DA:8,2
DA:9,2
DA:10,2
DA:11,2
DA:13,2
DA:14,2
DA:16,2
DA:17,2
LF:13
LH:13
BRDA:2,0,0,2
BRDA:2,0,1,2
BRDA:2,0,2,2
BRDA:3,1,0,8
BRDA:3,1,1,2
BRDA:3,2,0,10
BRDA:3,2,1,10
BRF:7
BRH:7
end_of_record
TN:
SF:build\tests\utils\testUtils.js
FN:2,(anonymous_0)
FN:3,adopt
FN:3,(anonymous_2)
FN:4,(anonymous_3)
FN:5,fulfilled
FN:6,rejected
FN:7,step
FN:11,(anonymous_7)
FN:19,setupTestDatabase
FN:20,(anonymous_9)
FN:27,teardownTestDatabase
FN:28,(anonymous_11)
FNF:12
FNH:10
FNDA:4,(anonymous_0)
FNDA:8,adopt
FNDA:0,(anonymous_2)
FNDA:4,(anonymous_3)
FNDA:8,fulfilled
FNDA:0,rejected
FNDA:12,step
FNDA:2,(anonymous_7)
FNDA:2,setupTestDatabase
FNDA:2,(anonymous_9)
FNDA:2,teardownTestDatabase
FNDA:2,(anonymous_11)
DA:2,2
DA:3,8
DA:4,4
DA:5,8
DA:6,0
DA:7,12
DA:8,4
DA:11,2
DA:12,2
DA:14,2
DA:15,2
DA:16,2
DA:17,2
DA:20,2
DA:21,2
DA:22,2
DA:23,2
DA:26,2
DA:28,2
DA:29,2
DA:30,2
DA:33,2
LF:22
LH:21
BRDA:2,0,0,2
BRDA:2,0,1,2
BRDA:2,0,2,2
BRDA:3,1,0,8
BRDA:3,1,1,0
BRDA:4,2,0,4
BRDA:4,2,1,4
BRDA:7,3,0,4
BRDA:7,3,1,8
BRDA:8,4,0,4
BRDA:8,4,1,4
BRDA:11,5,0,2
BRDA:11,5,1,2
BRDA:11,5,2,2
BRDA:12,6,0,0
BRDA:12,6,1,2
BRDA:12,7,0,2
BRDA:12,7,1,2
BRF:18
BRH:16
end_of_record
TN:
SF:src\constants.ts
FNF:0
FNH:0
DA:1,2
LF:1
LH:1
BRF:0
BRH:0
end_of_record
TN:
SF:src\config\app.ts
FNF:0
FNH:0
DA:1,2
DA:2,2
DA:3,2
DA:5,2
DA:7,2
DA:8,2
DA:9,2
DA:11,2
LF:8
LH:8
BRF:0
BRH:0
end_of_record
TN:
SF:src\controllers\categories.controller.ts
FN:8,(anonymous_8)
FN:12,(anonymous_9)
FNF:2
FNH:2
FNDA:2,(anonymous_8)
FNDA:2,(anonymous_9)
DA:2,2
DA:8,2
DA:12,2
DA:13,2
DA:14,2
DA:30,2
DA:31,1
DA:36,1
DA:38,0
DA:42,2
LF:10
LH:9
BRDA:30,0,0,1
BRF:1
BRH:1
end_of_record
TN:
SF:src\controllers\products.controller.ts
FN:8,(anonymous_8)
FN:8,(anonymous_9)
FN:45,(anonymous_10)
FN:49,(anonymous_11)
FNF:4
FNH:4
FNDA:1,(anonymous_8)
FNDA:1,(anonymous_9)
FNDA:3,(anonymous_10)
FNDA:3,(anonymous_11)
DA:2,2
DA:8,2
DA:9,1
DA:10,1
DA:11,1
DA:12,1
DA:14,1
DA:15,1
DA:17,1
DA:19,1
DA:20,0
DA:25,1
DA:38,0
DA:45,2
DA:49,3
DA:50,3
DA:51,3
DA:52,3
DA:53,3
DA:54,3
DA:55,3
DA:57,3
DA:58,3
DA:59,3
DA:64,3
DA:65,0
DA:70,3
DA:83,0
DA:88,2
LF:29
LH:25
BRDA:10,0,0,1
BRDA:10,0,1,1
BRDA:11,1,0,1
BRDA:11,1,1,1
BRDA:19,2,0,0
BRDA:33,3,0,0
BRDA:33,3,1,1
BRDA:34,4,0,0
BRDA:34,4,1,1
BRDA:51,5,0,3
BRDA:51,5,1,1
BRDA:52,6,0,3
BRDA:52,6,1,1
BRDA:53,7,0,3
BRDA:53,7,1,3
BRDA:54,8,0,3
BRDA:54,8,1,3
BRDA:64,9,0,0
BRDA:78,10,0,0
BRDA:78,10,1,3
BRDA:79,11,0,0
BRDA:79,11,1,3
BRF:22
BRH:16
end_of_record
TN:
SF:src\middleware\errorHandler.ts
FN:4,(anonymous_0)
FNF:1
FNH:0
FNDA:0,(anonymous_0)
DA:2,2
DA:4,2
DA:5,0
DA:6,0
DA:7,0
DA:9,0
DA:14,0
DA:16,0
DA:21,0
DA:23,0
DA:28,0
DA:30,0
DA:35,0
DA:37,0
DA:42,0
DA:44,0
DA:49,0
DA:53,2
LF:18
LH:3
BRDA:6,0,0,0
BRDA:6,0,1,0
BRDA:7,1,0,0
BRDA:7,1,1,0
BRDA:7,1,2,0
BRDA:7,1,3,0
BRDA:7,1,4,0
BRDA:7,1,5,0
BRF:8
BRH:0
end_of_record
TN:
SF:src\middleware\paginationHandler.ts
FN:5,(anonymous_7)
FN:6,(anonymous_8)
FN:6,(anonymous_9)
FNF:3
FNH:3
FNDA:2,(anonymous_7)
FNDA:1,(anonymous_8)
FNDA:1,(anonymous_9)
DA:5,2
DA:6,2
DA:8,1
DA:9,1
DA:10,1
DA:11,1
DA:12,1
DA:14,1
DA:18,1
DA:19,0
DA:24,1
DA:25,0
DA:32,1
DA:33,1
DA:34,1
DA:35,1
DA:37,0
DA:42,2
LF:18
LH:15
BRDA:18,0,0,0
BRDA:24,1,0,0
BRF:2
BRH:0
end_of_record
TN:
SF:src\models\entities\productModel.ts
FNF:0
FNH:0
DA:1,2
DA:5,2
DA:13,2
DA:15,2
LF:4
LH:4
BRF:0
BRH:0
end_of_record
TN:
SF:src\routes\products.ts
FNF:0
FNH:0
DA:1,2
DA:2,2
DA:3,2
DA:4,2
DA:5,2
DA:7,2
DA:10,2
DA:11,2
DA:15,2
DA:17,2
LF:10
LH:10
BRF:0
BRH:0
end_of_record
TN:
SF:src\tests\utils\testUtils.ts
FN:6,setupTestDatabase
FN:12,teardownTestDatabase
FNF:2
FNH:2
FNDA:2,setupTestDatabase
FNDA:2,teardownTestDatabase
DA:1,2
DA:2,2
DA:6,2
DA:7,2
DA:8,2
DA:9,2
DA:12,2
DA:13,2
DA:14,2
LF:9
LH:9
BRF:0
BRH:0
end_of_record
