TN:
SF:build\constants.js
FN:12,(anonymous_0)
FNF:1
FNH:1
FNDA:4,(anonymous_0)
DA:2,4
DA:3,4
DA:4,4
DA:12,4
DA:13,4
DA:14,4
DA:15,4
LF:7
LH:7
BRDA:16,0,0,4
BRDA:16,0,1,4
BRF:2
BRH:2
end_of_record
TN:
SF:build\config\app.js
FN:2,(anonymous_0)
FNF:1
FNH:1
FNDA:12,(anonymous_0)
DA:2,4
DA:3,12
DA:5,4
DA:6,4
DA:7,4
DA:8,4
DA:9,4
DA:10,4
DA:11,4
DA:12,4
DA:13,4
LF:11
LH:11
BRDA:2,0,0,4
BRDA:2,0,1,4
BRDA:2,0,2,4
BRDA:3,1,0,8
BRDA:3,1,1,4
BRDA:3,2,0,12
BRDA:3,2,1,12
BRF:7
BRH:7
end_of_record
TN:
SF:build\controllers\cart.controller.js
FN:2,(anonymous_0)
FN:6,(anonymous_1)
FN:9,(anonymous_2)
FN:13,(anonymous_3)
FN:15,(anonymous_4)
FN:18,(anonymous_5)
FN:25,(anonymous_6)
FN:26,adopt
FN:26,(anonymous_8)
FN:27,(anonymous_9)
FN:28,fulfilled
FN:29,rejected
FN:30,step
FN:39,(anonymous_13)
FN:39,(anonymous_14)
FN:57,(anonymous_15)
FN:57,(anonymous_16)
FNF:17
FNH:1
FNDA:0,(anonymous_0)
FNDA:0,(anonymous_1)
FNDA:0,(anonymous_2)
FNDA:0,(anonymous_3)
FNDA:0,(anonymous_4)
FNDA:4,(anonymous_5)
FNDA:0,(anonymous_6)
FNDA:0,adopt
FNDA:0,(anonymous_8)
FNDA:0,(anonymous_9)
FNDA:0,fulfilled
FNDA:0,rejected
FNDA:0,step
FNDA:0,(anonymous_13)
FNDA:0,(anonymous_14)
FNDA:0,(anonymous_15)
FNDA:0,(anonymous_16)
DA:2,4
DA:3,0
DA:4,0
DA:5,0
DA:6,0
DA:8,0
DA:10,0
DA:11,0
DA:13,4
DA:14,0
DA:16,0
DA:18,4
DA:19,4
DA:20,0
DA:21,0
DA:22,0
DA:23,0
DA:25,4
DA:26,0
DA:27,0
DA:28,0
DA:29,0
DA:30,0
DA:31,0
DA:34,4
DA:35,4
DA:39,4
DA:40,0
DA:41,0
DA:42,0
DA:43,0
DA:44,0
DA:48,0
DA:51,0
DA:57,4
DA:58,0
DA:59,0
DA:60,0
DA:61,0
DA:65,0
DA:68,0
DA:71,4
LF:42
LH:10
BRDA:2,0,0,4
BRDA:2,0,1,4
BRDA:2,0,2,4
BRDA:2,1,0,4
BRDA:2,1,1,0
BRDA:3,2,0,0
BRDA:3,2,1,0
BRDA:5,3,0,0
BRDA:5,3,1,0
BRDA:5,4,0,0
BRDA:5,4,1,0
BRDA:5,5,0,0
BRDA:5,5,1,0
BRDA:5,6,0,0
BRDA:5,6,1,0
BRDA:10,7,0,0
BRDA:10,7,1,0
BRDA:13,8,0,4
BRDA:13,8,1,4
BRDA:13,8,2,4
BRDA:13,9,0,4
BRDA:13,9,1,0
BRDA:18,10,0,4
BRDA:18,10,1,4
BRDA:18,10,2,4
BRDA:19,11,0,4
BRDA:19,11,1,0
BRDA:19,12,0,4
BRDA:19,12,1,4
BRDA:21,13,0,0
BRDA:21,13,1,0
BRDA:21,14,0,0
BRDA:21,14,1,0
BRDA:21,15,0,0
BRDA:21,15,1,0
BRDA:25,16,0,4
BRDA:25,16,1,4
BRDA:25,16,2,4
BRDA:26,17,0,0
BRDA:26,17,1,0
BRDA:27,18,0,0
BRDA:27,18,1,0
BRDA:30,19,0,0
BRDA:30,19,1,0
BRDA:31,20,0,0
BRDA:31,20,1,0
BRDA:43,21,0,0
BRDA:43,21,1,0
BRDA:60,22,0,0
BRDA:60,22,1,0
BRF:50
BRH:17
end_of_record
TN:
SF:build\controllers\categories.controller.js
FN:2,(anonymous_0)
FN:6,(anonymous_1)
FN:9,(anonymous_2)
FN:13,(anonymous_3)
FN:15,(anonymous_4)
FN:18,(anonymous_5)
FN:25,(anonymous_6)
FN:26,adopt
FN:26,(anonymous_8)
FN:27,(anonymous_9)
FN:28,fulfilled
FN:29,rejected
FN:30,step
FN:39,(anonymous_13)
FN:39,(anonymous_14)
FNF:15
FNH:8
FNDA:0,(anonymous_0)
FNDA:0,(anonymous_1)
FNDA:0,(anonymous_2)
FNDA:0,(anonymous_3)
FNDA:0,(anonymous_4)
FNDA:4,(anonymous_5)
FNDA:2,(anonymous_6)
FNDA:2,adopt
FNDA:0,(anonymous_8)
FNDA:2,(anonymous_9)
FNDA:2,fulfilled
FNDA:0,rejected
FNDA:4,step
FNDA:2,(anonymous_13)
FNDA:2,(anonymous_14)
DA:2,4
DA:3,0
DA:4,0
DA:5,0
DA:6,0
DA:8,0
DA:10,0
DA:11,0
DA:13,4
DA:14,0
DA:16,0
DA:18,4
DA:19,4
DA:20,0
DA:21,0
DA:22,0
DA:23,0
DA:25,4
DA:26,2
DA:27,2
DA:28,2
DA:29,0
DA:30,4
DA:31,2
DA:34,4
DA:35,4
DA:39,4
DA:40,2
DA:41,2
DA:42,2
DA:43,1
DA:47,1
DA:50,0
DA:53,4
LF:34
LH:19
BRDA:2,0,0,4
BRDA:2,0,1,4
BRDA:2,0,2,4
BRDA:2,1,0,4
BRDA:2,1,1,0
BRDA:3,2,0,0
BRDA:3,2,1,0
BRDA:5,3,0,0
BRDA:5,3,1,0
BRDA:5,4,0,0
BRDA:5,4,1,0
BRDA:5,5,0,0
BRDA:5,5,1,0
BRDA:5,6,0,0
BRDA:5,6,1,0
BRDA:10,7,0,0
BRDA:10,7,1,0
BRDA:13,8,0,4
BRDA:13,8,1,4
BRDA:13,8,2,4
BRDA:13,9,0,4
BRDA:13,9,1,0
BRDA:18,10,0,4
BRDA:18,10,1,4
BRDA:18,10,2,4
BRDA:19,11,0,4
BRDA:19,11,1,0
BRDA:19,12,0,4
BRDA:19,12,1,4
BRDA:21,13,0,0
BRDA:21,13,1,0
BRDA:21,14,0,0
BRDA:21,14,1,0
BRDA:21,15,0,0
BRDA:21,15,1,0
BRDA:25,16,0,4
BRDA:25,16,1,4
BRDA:25,16,2,4
BRDA:26,17,0,2
BRDA:26,17,1,0
BRDA:27,18,0,2
BRDA:27,18,1,2
BRDA:30,19,0,2
BRDA:30,19,1,2
BRDA:31,20,0,2
BRDA:31,20,1,2
BRDA:42,21,0,1
BRDA:42,21,1,1
BRF:48
BRH:26
end_of_record
TN:
SF:build\controllers\orderPlacement.controller.js
FN:2,(anonymous_0)
FN:6,(anonymous_1)
FN:9,(anonymous_2)
FN:13,(anonymous_3)
FN:15,(anonymous_4)
FN:18,(anonymous_5)
FN:25,(anonymous_6)
FN:26,adopt
FN:26,(anonymous_8)
FN:27,(anonymous_9)
FN:28,fulfilled
FN:29,rejected
FN:30,step
FN:40,(anonymous_13)
FN:40,(anonymous_14)
FN:54,(anonymous_15)
FNF:16
FNH:1
FNDA:0,(anonymous_0)
FNDA:0,(anonymous_1)
FNDA:0,(anonymous_2)
FNDA:0,(anonymous_3)
FNDA:0,(anonymous_4)
FNDA:4,(anonymous_5)
FNDA:0,(anonymous_6)
FNDA:0,adopt
FNDA:0,(anonymous_8)
FNDA:0,(anonymous_9)
FNDA:0,fulfilled
FNDA:0,rejected
FNDA:0,step
FNDA:0,(anonymous_13)
FNDA:0,(anonymous_14)
FNDA:0,(anonymous_15)
DA:2,4
DA:3,0
DA:4,0
DA:5,0
DA:6,0
DA:8,0
DA:10,0
DA:11,0
DA:13,4
DA:14,0
DA:16,0
DA:18,4
DA:19,4
DA:20,0
DA:21,0
DA:22,0
DA:23,0
DA:25,4
DA:26,0
DA:27,0
DA:28,0
DA:29,0
DA:30,0
DA:31,0
DA:34,4
DA:35,4
DA:36,4
DA:40,4
DA:41,0
DA:42,0
DA:43,0
DA:44,0
DA:45,0
DA:47,0
DA:49,0
DA:50,0
DA:54,0
DA:55,0
DA:58,0
DA:59,0
DA:61,0
DA:62,0
DA:66,0
DA:69,4
LF:44
LH:10
BRDA:2,0,0,4
BRDA:2,0,1,4
BRDA:2,0,2,4
BRDA:2,1,0,4
BRDA:2,1,1,0
BRDA:3,2,0,0
BRDA:3,2,1,0
BRDA:5,3,0,0
BRDA:5,3,1,0
BRDA:5,4,0,0
BRDA:5,4,1,0
BRDA:5,5,0,0
BRDA:5,5,1,0
BRDA:5,6,0,0
BRDA:5,6,1,0
BRDA:10,7,0,0
BRDA:10,7,1,0
BRDA:13,8,0,4
BRDA:13,8,1,4
BRDA:13,8,2,4
BRDA:13,9,0,4
BRDA:13,9,1,0
BRDA:18,10,0,4
BRDA:18,10,1,4
BRDA:18,10,2,4
BRDA:19,11,0,4
BRDA:19,11,1,0
BRDA:19,12,0,4
BRDA:19,12,1,4
BRDA:21,13,0,0
BRDA:21,13,1,0
BRDA:21,14,0,0
BRDA:21,14,1,0
BRDA:21,15,0,0
BRDA:21,15,1,0
BRDA:25,16,0,4
BRDA:25,16,1,4
BRDA:25,16,2,4
BRDA:26,17,0,0
BRDA:26,17,1,0
BRDA:27,18,0,0
BRDA:27,18,1,0
BRDA:30,19,0,0
BRDA:30,19,1,0
BRDA:31,20,0,0
BRDA:31,20,1,0
BRDA:44,21,0,0
BRDA:44,21,1,0
BRDA:47,22,0,0
BRDA:47,22,1,0
BRDA:47,23,0,0
BRDA:47,23,1,0
BRDA:47,24,0,0
BRDA:47,24,1,0
BRDA:49,25,0,0
BRDA:49,25,1,0
BRDA:49,26,0,0
BRDA:49,26,1,0
BRDA:58,27,0,0
BRDA:58,27,1,0
BRDA:58,28,0,0
BRDA:58,28,1,0
BRDA:58,29,0,0
BRDA:58,29,1,0
BRDA:61,30,0,0
BRDA:61,30,1,0
BRDA:61,31,0,0
BRDA:61,31,1,0
BRDA:61,32,0,0
BRDA:61,32,1,0
BRF:70
BRH:17
end_of_record
TN:
SF:build\controllers\products.controller.js
FN:2,(anonymous_0)
FN:6,(anonymous_1)
FN:9,(anonymous_2)
FN:13,(anonymous_3)
FN:15,(anonymous_4)
FN:18,(anonymous_5)
FN:25,(anonymous_6)
FN:26,adopt
FN:26,(anonymous_8)
FN:27,(anonymous_9)
FN:28,fulfilled
FN:29,rejected
FN:30,step
FN:39,(anonymous_13)
FN:39,(anonymous_14)
FN:56,(anonymous_15)
FN:56,(anonymous_16)
FNF:17
FNH:10
FNDA:0,(anonymous_0)
FNDA:0,(anonymous_1)
FNDA:0,(anonymous_2)
FNDA:0,(anonymous_3)
FNDA:0,(anonymous_4)
FNDA:4,(anonymous_5)
FNDA:4,(anonymous_6)
FNDA:4,adopt
FNDA:0,(anonymous_8)
FNDA:4,(anonymous_9)
FNDA:4,fulfilled
FNDA:0,rejected
FNDA:8,step
FNDA:1,(anonymous_13)
FNDA:1,(anonymous_14)
FNDA:3,(anonymous_15)
FNDA:3,(anonymous_16)
DA:2,4
DA:3,0
DA:4,0
DA:5,0
DA:6,0
DA:8,0
DA:10,0
DA:11,0
DA:13,4
DA:14,0
DA:16,0
DA:18,4
DA:19,4
DA:20,0
DA:21,0
DA:22,0
DA:23,0
DA:25,4
DA:26,4
DA:27,4
DA:28,4
DA:29,0
DA:30,8
DA:31,4
DA:34,4
DA:35,4
DA:39,4
DA:40,1
DA:41,1
DA:42,1
DA:43,1
DA:44,1
DA:45,0
DA:47,1
DA:50,0
DA:56,4
DA:57,3
DA:58,3
DA:59,3
DA:60,3
DA:61,3
DA:62,3
DA:63,3
DA:64,0
DA:66,3
DA:69,0
DA:72,4
LF:47
LH:29
BRDA:2,0,0,4
BRDA:2,0,1,4
BRDA:2,0,2,4
BRDA:2,1,0,4
BRDA:2,1,1,0
BRDA:3,2,0,0
BRDA:3,2,1,0
BRDA:5,3,0,0
BRDA:5,3,1,0
BRDA:5,4,0,0
BRDA:5,4,1,0
BRDA:5,5,0,0
BRDA:5,5,1,0
BRDA:5,6,0,0
BRDA:5,6,1,0
BRDA:10,7,0,0
BRDA:10,7,1,0
BRDA:13,8,0,4
BRDA:13,8,1,4
BRDA:13,8,2,4
BRDA:13,9,0,4
BRDA:13,9,1,0
BRDA:18,10,0,4
BRDA:18,10,1,4
BRDA:18,10,2,4
BRDA:19,11,0,4
BRDA:19,11,1,0
BRDA:19,12,0,4
BRDA:19,12,1,4
BRDA:21,13,0,0
BRDA:21,13,1,0
BRDA:21,14,0,0
BRDA:21,14,1,0
BRDA:21,15,0,0
BRDA:21,15,1,0
BRDA:25,16,0,4
BRDA:25,16,1,4
BRDA:25,16,2,4
BRDA:26,17,0,4
BRDA:26,17,1,0
BRDA:27,18,0,4
BRDA:27,18,1,4
BRDA:30,19,0,4
BRDA:30,19,1,4
BRDA:31,20,0,4
BRDA:31,20,1,4
BRDA:41,21,0,1
BRDA:41,21,1,1
BRDA:42,22,0,1
BRDA:42,22,1,1
BRDA:44,23,0,0
BRDA:44,23,1,1
BRDA:58,24,0,3
BRDA:58,24,1,1
BRDA:59,25,0,3
BRDA:59,25,1,1
BRDA:60,26,0,3
BRDA:60,26,1,3
BRDA:61,27,0,3
BRDA:61,27,1,3
BRDA:63,28,0,0
BRDA:63,28,1,3
BRF:62
BRH:38
end_of_record
TN:
SF:build\middleware\errorHandler.js
FN:4,(anonymous_0)
FNF:1
FNH:0
FNDA:0,(anonymous_0)
DA:2,4
DA:3,4
DA:4,4
DA:5,0
DA:6,0
DA:8,0
DA:13,0
DA:15,0
DA:20,0
DA:22,0
DA:27,0
DA:29,0
DA:34,0
DA:36,0
DA:41,0
DA:43,0
DA:48,0
DA:51,4
LF:18
LH:4
BRDA:5,0,0,0
BRDA:5,0,1,0
BRDA:6,1,0,0
BRDA:6,1,1,0
BRDA:6,1,2,0
BRDA:6,1,3,0
BRDA:6,1,4,0
BRDA:6,1,5,0
BRF:8
BRH:0
end_of_record
TN:
SF:build\models\entities\cart.model.js
FN:2,(anonymous_0)
FN:6,(anonymous_1)
FN:9,(anonymous_2)
FN:13,(anonymous_3)
FN:15,(anonymous_4)
FN:18,(anonymous_5)
FNF:6
FNH:4
FNDA:208,(anonymous_0)
FNDA:4,(anonymous_1)
FNDA:0,(anonymous_2)
FNDA:4,(anonymous_3)
FNDA:0,(anonymous_4)
FNDA:4,(anonymous_5)
DA:2,4
DA:3,208
DA:4,208
DA:5,208
DA:6,204
DA:8,208
DA:10,0
DA:11,0
DA:13,4
DA:14,4
DA:16,0
DA:18,4
DA:19,4
DA:20,4
DA:21,240
DA:22,4
DA:23,4
DA:25,4
DA:26,4
DA:27,4
DA:30,4
DA:31,4
LF:22
LH:19
BRDA:2,0,0,4
BRDA:2,0,1,4
BRDA:2,0,2,4
BRDA:2,1,0,4
BRDA:2,1,1,0
BRDA:3,2,0,208
BRDA:3,2,1,0
BRDA:5,3,0,204
BRDA:5,3,1,4
BRDA:5,4,0,208
BRDA:5,4,1,208
BRDA:5,5,0,0
BRDA:5,5,1,208
BRDA:5,6,0,208
BRDA:5,6,1,4
BRDA:10,7,0,0
BRDA:10,7,1,0
BRDA:13,8,0,4
BRDA:13,8,1,4
BRDA:13,8,2,4
BRDA:13,9,0,4
BRDA:13,9,1,0
BRDA:18,10,0,4
BRDA:18,10,1,4
BRDA:18,10,2,4
BRDA:19,11,0,0
BRDA:19,11,1,4
BRDA:19,12,0,4
BRDA:19,12,1,4
BRDA:21,13,0,4
BRDA:21,13,1,0
BRDA:21,14,0,208
BRDA:21,14,1,32
BRDA:21,15,0,240
BRDA:21,15,1,236
BRF:35
BRH:27
end_of_record
TN:
SF:build\models\entities\product.model.js
FN:2,(anonymous_0)
FN:6,(anonymous_1)
FN:9,(anonymous_2)
FN:13,(anonymous_3)
FN:15,(anonymous_4)
FN:18,(anonymous_5)
FNF:6
FNH:4
FNDA:208,(anonymous_0)
FNDA:4,(anonymous_1)
FNDA:0,(anonymous_2)
FNDA:4,(anonymous_3)
FNDA:0,(anonymous_4)
FNDA:4,(anonymous_5)
DA:2,4
DA:3,208
DA:4,208
DA:5,208
DA:6,204
DA:8,208
DA:10,0
DA:11,0
DA:13,4
DA:14,4
DA:16,0
DA:18,4
DA:19,4
DA:20,4
DA:21,240
DA:22,4
DA:23,4
DA:25,4
DA:26,4
DA:27,4
DA:35,4
DA:36,4
LF:22
LH:19
BRDA:2,0,0,4
BRDA:2,0,1,4
BRDA:2,0,2,4
BRDA:2,1,0,4
BRDA:2,1,1,0
BRDA:3,2,0,208
BRDA:3,2,1,0
BRDA:5,3,0,204
BRDA:5,3,1,4
BRDA:5,4,0,208
BRDA:5,4,1,208
BRDA:5,5,0,0
BRDA:5,5,1,208
BRDA:5,6,0,208
BRDA:5,6,1,4
BRDA:10,7,0,0
BRDA:10,7,1,0
BRDA:13,8,0,4
BRDA:13,8,1,4
BRDA:13,8,2,4
BRDA:13,9,0,4
BRDA:13,9,1,0
BRDA:18,10,0,4
BRDA:18,10,1,4
BRDA:18,10,2,4
BRDA:19,11,0,0
BRDA:19,11,1,4
BRDA:19,12,0,4
BRDA:19,12,1,4
BRDA:21,13,0,4
BRDA:21,13,1,0
BRDA:21,14,0,208
BRDA:21,14,1,32
BRDA:21,15,0,240
BRDA:21,15,1,236
BRF:35
BRH:27
end_of_record
TN:
SF:build\models\entities\userInfo.model.js
FN:2,(anonymous_0)
FN:6,(anonymous_1)
FN:9,(anonymous_2)
FN:13,(anonymous_3)
FN:15,(anonymous_4)
FN:18,(anonymous_5)
FNF:6
FNH:4
FNDA:208,(anonymous_0)
FNDA:4,(anonymous_1)
FNDA:0,(anonymous_2)
FNDA:4,(anonymous_3)
FNDA:0,(anonymous_4)
FNDA:4,(anonymous_5)
DA:2,4
DA:3,208
DA:4,208
DA:5,208
DA:6,204
DA:8,208
DA:10,0
DA:11,0
DA:13,4
DA:14,4
DA:16,0
DA:18,4
DA:19,4
DA:20,4
DA:21,240
DA:22,4
DA:23,4
DA:25,4
DA:26,4
DA:27,4
DA:35,4
DA:36,4
LF:22
LH:19
BRDA:2,0,0,4
BRDA:2,0,1,4
BRDA:2,0,2,4
BRDA:2,1,0,4
BRDA:2,1,1,0
BRDA:3,2,0,208
BRDA:3,2,1,0
BRDA:5,3,0,204
BRDA:5,3,1,4
BRDA:5,4,0,208
BRDA:5,4,1,208
BRDA:5,5,0,0
BRDA:5,5,1,208
BRDA:5,6,0,208
BRDA:5,6,1,4
BRDA:10,7,0,0
BRDA:10,7,1,0
BRDA:13,8,0,4
BRDA:13,8,1,4
BRDA:13,8,2,4
BRDA:13,9,0,4
BRDA:13,9,1,0
BRDA:18,10,0,4
BRDA:18,10,1,4
BRDA:18,10,2,4
BRDA:19,11,0,0
BRDA:19,11,1,4
BRDA:19,12,0,4
BRDA:19,12,1,4
BRDA:21,13,0,4
BRDA:21,13,1,0
BRDA:21,14,0,208
BRDA:21,14,1,32
BRDA:21,15,0,240
BRDA:21,15,1,236
BRF:35
BRH:27
end_of_record
TN:
SF:build\routes\apiRoutes.js
FN:2,(anonymous_0)
FNF:1
FNH:1
FNDA:20,(anonymous_0)
DA:2,4
DA:3,20
DA:5,4
DA:6,4
DA:7,4
DA:8,4
DA:9,4
DA:10,4
DA:11,4
DA:13,4
DA:14,4
DA:16,4
DA:18,4
DA:19,4
DA:21,4
DA:22,4
LF:16
LH:16
BRDA:2,0,0,4
BRDA:2,0,1,4
BRDA:2,0,2,4
BRDA:3,1,0,16
BRDA:3,1,1,4
BRDA:3,2,0,20
BRDA:3,2,1,20
BRF:7
BRH:7
end_of_record
TN:
SF:build\services\cart.service.js
FN:2,(anonymous_0)
FN:3,adopt
FN:3,(anonymous_2)
FN:4,(anonymous_3)
FN:5,fulfilled
FN:6,rejected
FN:7,step
FN:11,(anonymous_7)
FN:19,(anonymous_8)
FN:19,(anonymous_9)
FN:40,(anonymous_10)
FN:40,(anonymous_11)
FNF:12
FNH:1
FNDA:0,(anonymous_0)
FNDA:0,adopt
FNDA:0,(anonymous_2)
FNDA:0,(anonymous_3)
FNDA:0,fulfilled
FNDA:0,rejected
FNDA:0,step
FNDA:8,(anonymous_7)
FNDA:0,(anonymous_8)
FNDA:0,(anonymous_9)
FNDA:0,(anonymous_10)
FNDA:0,(anonymous_11)
DA:2,4
DA:3,0
DA:4,0
DA:5,0
DA:6,0
DA:7,0
DA:8,0
DA:11,4
DA:12,8
DA:14,4
DA:15,4
DA:16,4
DA:17,4
DA:18,4
DA:19,4
DA:20,0
DA:21,0
DA:22,0
DA:23,0
DA:25,0
DA:26,0
DA:27,0
DA:28,0
DA:30,0
DA:31,0
DA:32,0
DA:33,0
DA:36,0
DA:39,4
DA:40,4
DA:41,0
DA:42,0
DA:43,0
DA:44,0
DA:46,0
DA:49,0
DA:52,4
LF:37
LH:12
BRDA:2,0,0,4
BRDA:2,0,1,4
BRDA:2,0,2,4
BRDA:3,1,0,0
BRDA:3,1,1,0
BRDA:4,2,0,0
BRDA:4,2,1,0
BRDA:7,3,0,0
BRDA:7,3,1,0
BRDA:8,4,0,0
BRDA:8,4,1,0
BRDA:11,5,0,4
BRDA:11,5,1,4
BRDA:11,5,2,4
BRDA:12,6,0,8
BRDA:12,6,1,0
BRDA:12,7,0,8
BRDA:12,7,1,8
BRDA:22,8,0,0
BRDA:22,8,1,0
BRDA:26,9,0,0
BRDA:26,9,1,0
BRDA:43,10,0,0
BRDA:43,10,1,0
BRF:24
BRH:9
end_of_record
TN:
SF:build\services\categories.service.js
FN:2,(anonymous_0)
FN:3,adopt
FN:3,(anonymous_2)
FN:4,(anonymous_3)
FN:5,fulfilled
FN:6,rejected
FN:7,step
FN:11,(anonymous_7)
FN:17,(anonymous_8)
FN:17,(anonymous_9)
FNF:10
FNH:9
FNDA:2,(anonymous_0)
FNDA:2,adopt
FNDA:2,(anonymous_2)
FNDA:2,(anonymous_3)
FNDA:2,fulfilled
FNDA:0,rejected
FNDA:4,step
FNDA:4,(anonymous_7)
FNDA:2,(anonymous_8)
FNDA:2,(anonymous_9)
DA:2,4
DA:3,2
DA:4,2
DA:5,2
DA:6,0
DA:7,4
DA:8,2
DA:11,4
DA:12,4
DA:14,4
DA:15,4
DA:16,4
DA:17,4
DA:18,2
DA:19,2
DA:34,2
DA:37,0
DA:40,4
LF:18
LH:16
BRDA:2,0,0,4
BRDA:2,0,1,4
BRDA:2,0,2,4
BRDA:3,1,0,0
BRDA:3,1,1,2
BRDA:4,2,0,2
BRDA:4,2,1,2
BRDA:7,3,0,2
BRDA:7,3,1,2
BRDA:8,4,0,2
BRDA:8,4,1,2
BRDA:11,5,0,4
BRDA:11,5,1,4
BRDA:11,5,2,4
BRDA:12,6,0,4
BRDA:12,6,1,0
BRDA:12,7,0,4
BRDA:12,7,1,4
BRF:18
BRH:16
end_of_record
TN:
SF:build\services\orderPlacement.service.js
FN:2,(anonymous_0)
FN:3,adopt
FN:3,(anonymous_2)
FN:4,(anonymous_3)
FN:5,fulfilled
FN:6,rejected
FN:7,step
FN:11,(anonymous_7)
FN:20,(anonymous_8)
FN:20,(anonymous_9)
FNF:10
FNH:1
FNDA:0,(anonymous_0)
FNDA:0,adopt
FNDA:0,(anonymous_2)
FNDA:0,(anonymous_3)
FNDA:0,fulfilled
FNDA:0,rejected
FNDA:0,step
FNDA:8,(anonymous_7)
FNDA:0,(anonymous_8)
FNDA:0,(anonymous_9)
DA:2,4
DA:3,0
DA:4,0
DA:5,0
DA:6,0
DA:7,0
DA:8,0
DA:11,4
DA:12,8
DA:14,4
DA:15,4
DA:16,4
DA:17,4
DA:18,4
DA:19,4
DA:20,4
DA:22,0
DA:23,0
DA:24,0
DA:25,0
DA:27,0
DA:54,0
DA:55,0
DA:57,0
DA:58,0
DA:59,0
DA:60,0
DA:64,0
DA:66,0
DA:75,0
DA:81,0
DA:82,0
DA:84,0
DA:85,0
DA:86,0
DA:92,0
DA:93,0
DA:94,0
DA:95,0
DA:97,0
DA:98,0
DA:99,0
DA:102,0
DA:105,4
LF:44
LH:11
BRDA:2,0,0,4
BRDA:2,0,1,4
BRDA:2,0,2,4
BRDA:3,1,0,0
BRDA:3,1,1,0
BRDA:4,2,0,0
BRDA:4,2,1,0
BRDA:7,3,0,0
BRDA:7,3,1,0
BRDA:8,4,0,0
BRDA:8,4,1,0
BRDA:11,5,0,4
BRDA:11,5,1,4
BRDA:11,5,2,4
BRDA:12,6,0,8
BRDA:12,6,1,0
BRDA:12,7,0,8
BRDA:12,7,1,8
BRDA:54,8,0,0
BRDA:54,8,1,0
BRDA:54,9,0,0
BRDA:54,9,1,0
BRDA:54,9,2,0
BRDA:57,10,0,0
BRDA:57,10,1,0
BRDA:57,11,0,0
BRDA:57,11,1,0
BRDA:58,12,0,0
BRDA:58,12,1,0
BRDA:59,13,0,0
BRDA:59,13,1,0
BRDA:59,14,0,0
BRDA:59,14,1,0
BRDA:61,15,0,0
BRDA:61,15,1,0
BRDA:67,16,0,0
BRDA:67,16,1,0
BRDA:67,17,0,0
BRDA:67,17,1,0
BRDA:67,18,0,0
BRDA:67,18,1,0
BRDA:68,19,0,0
BRDA:68,19,1,0
BRDA:68,20,0,0
BRDA:68,20,1,0
BRDA:68,21,0,0
BRDA:68,21,1,0
BRDA:69,22,0,0
BRDA:69,22,1,0
BRDA:69,23,0,0
BRDA:69,23,1,0
BRDA:69,24,0,0
BRDA:69,24,1,0
BRDA:70,25,0,0
BRDA:70,25,1,0
BRDA:70,26,0,0
BRDA:70,26,1,0
BRDA:70,27,0,0
BRDA:70,27,1,0
BRDA:71,28,0,0
BRDA:71,28,1,0
BRDA:81,29,0,0
BRDA:81,29,1,0
BRDA:85,30,0,0
BRDA:85,30,1,0
BRDA:93,31,0,0
BRDA:93,31,1,0
BRF:67
BRH:9
end_of_record
TN:
SF:build\services\product.service.js
FN:2,(anonymous_0)
FN:3,adopt
FN:3,(anonymous_2)
FN:4,(anonymous_3)
FN:5,fulfilled
FN:6,rejected
FN:7,step
FN:11,(anonymous_7)
FN:17,(anonymous_8)
FN:17,(anonymous_9)
FN:41,(anonymous_10)
FN:41,(anonymous_11)
FNF:12
FNH:11
FNDA:4,(anonymous_0)
FNDA:8,adopt
FNDA:4,(anonymous_2)
FNDA:4,(anonymous_3)
FNDA:8,fulfilled
FNDA:0,rejected
FNDA:12,step
FNDA:4,(anonymous_7)
FNDA:1,(anonymous_8)
FNDA:1,(anonymous_9)
FNDA:3,(anonymous_10)
FNDA:3,(anonymous_11)
DA:2,4
DA:3,8
DA:4,4
DA:5,8
DA:6,0
DA:7,12
DA:8,4
DA:11,4
DA:12,4
DA:14,4
DA:15,4
DA:16,4
DA:17,4
DA:18,1
DA:19,1
DA:20,1
DA:21,1
DA:22,1
DA:23,1
DA:37,0
DA:40,4
DA:41,4
DA:42,3
DA:43,3
DA:44,3
DA:45,3
DA:46,3
DA:52,3
DA:66,0
DA:69,4
LF:30
LH:27
BRDA:2,0,0,4
BRDA:2,0,1,4
BRDA:2,0,2,4
BRDA:3,1,0,4
BRDA:3,1,1,4
BRDA:4,2,0,4
BRDA:4,2,1,4
BRDA:7,3,0,4
BRDA:7,3,1,8
BRDA:8,4,0,4
BRDA:8,4,1,4
BRDA:11,5,0,4
BRDA:11,5,1,4
BRDA:11,5,2,4
BRDA:12,6,0,4
BRDA:12,6,1,0
BRDA:12,7,0,4
BRDA:12,7,1,4
BRDA:31,8,0,0
BRDA:31,8,1,1
BRDA:32,9,0,0
BRDA:32,9,1,1
BRDA:60,10,0,0
BRDA:60,10,1,3
BRDA:61,11,0,0
BRDA:61,11,1,3
BRF:26
BRH:21
end_of_record
TN:
SF:build\tests\utils\mockDataCart.js
FNF:0
FNH:0
DA:2,1
DA:3,1
DA:4,1
DA:17,1
LF:4
LH:4
BRF:0
BRH:0
end_of_record
TN:
SF:build\tests\utils\mockDataOrderPlacement.js
FN:2,(anonymous_0)
FN:3,adopt
FN:3,(anonymous_2)
FN:4,(anonymous_3)
FN:5,fulfilled
FN:6,rejected
FN:7,step
FN:11,(anonymous_7)
FN:52,initializeMockData
FN:53,(anonymous_9)
FN:61,clearMockData
FN:62,(anonymous_11)
FNF:12
FNH:12
FNDA:4,(anonymous_0)
FNDA:12,adopt
FNDA:6,(anonymous_2)
FNDA:4,(anonymous_3)
FNDA:10,fulfilled
FNDA:2,rejected
FNDA:14,step
FNDA:3,(anonymous_7)
FNDA:2,initializeMockData
FNDA:2,(anonymous_9)
FNDA:2,clearMockData
FNDA:2,(anonymous_11)
DA:2,1
DA:3,12
DA:4,4
DA:5,10
DA:6,2
DA:7,14
DA:8,4
DA:11,1
DA:12,3
DA:14,1
DA:15,1
DA:16,1
DA:17,1
DA:18,1
DA:19,1
DA:39,1
DA:43,1
DA:53,2
DA:54,2
DA:55,2
DA:56,2
DA:59,1
DA:62,2
DA:63,2
DA:64,2
DA:65,2
DA:68,1
LF:27
LH:27
BRDA:2,0,0,1
BRDA:2,0,1,1
BRDA:2,0,2,1
BRDA:3,1,0,6
BRDA:3,1,1,6
BRDA:4,2,0,4
BRDA:4,2,1,4
BRDA:7,3,0,2
BRDA:7,3,1,12
BRDA:8,4,0,4
BRDA:8,4,1,4
BRDA:11,5,0,1
BRDA:11,5,1,1
BRDA:11,5,2,1
BRDA:12,6,0,3
BRDA:12,6,1,0
BRDA:12,7,0,3
BRDA:12,7,1,3
BRF:18
BRH:17
end_of_record
TN:
SF:build\tests\utils\testUtils.js
FN:2,(anonymous_0)
FN:3,adopt
FN:3,(anonymous_2)
FN:4,(anonymous_3)
FN:5,fulfilled
FN:6,rejected
FN:7,step
FN:11,(anonymous_7)
FN:19,setupTestDatabase
FN:20,(anonymous_9)
FN:27,teardownTestDatabase
FN:28,(anonymous_11)
FNF:12
FNH:10
FNDA:6,(anonymous_0)
FNDA:12,adopt
FNDA:0,(anonymous_2)
FNDA:6,(anonymous_3)
FNDA:12,fulfilled
FNDA:0,rejected
FNDA:18,step
FNDA:3,(anonymous_7)
FNDA:3,setupTestDatabase
FNDA:3,(anonymous_9)
FNDA:3,teardownTestDatabase
FNDA:3,(anonymous_11)
DA:2,3
DA:3,12
DA:4,6
DA:5,12
DA:6,0
DA:7,18
DA:8,6
DA:11,3
DA:12,3
DA:14,3
DA:15,3
DA:16,3
DA:17,3
DA:20,3
DA:21,3
DA:22,3
DA:23,3
DA:26,3
DA:28,3
DA:29,3
DA:30,3
DA:33,3
LF:22
LH:21
BRDA:2,0,0,3
BRDA:2,0,1,3
BRDA:2,0,2,3
BRDA:3,1,0,12
BRDA:3,1,1,0
BRDA:4,2,0,6
BRDA:4,2,1,6
BRDA:7,3,0,6
BRDA:7,3,1,12
BRDA:8,4,0,6
BRDA:8,4,1,6
BRDA:11,5,0,3
BRDA:11,5,1,3
BRDA:11,5,2,3
BRDA:12,6,0,0
BRDA:12,6,1,3
BRDA:12,7,0,3
BRDA:12,7,1,3
BRF:18
BRH:16
end_of_record
TN:
SF:build\utils\orderUtils.js
FN:2,(anonymous_0)
FN:3,adopt
FN:3,(anonymous_2)
FN:4,(anonymous_3)
FN:5,fulfilled
FN:6,rejected
FN:7,step
FN:11,(anonymous_7)
FN:19,(anonymous_8)
FN:19,(anonymous_9)
FN:35,(anonymous_10)
FN:35,(anonymous_11)
FN:50,(anonymous_12)
FN:61,(anonymous_13)
FN:70,(anonymous_14)
FN:70,(anonymous_15)
FN:79,(anonymous_16)
FN:79,(anonymous_17)
FNF:18
FNH:1
FNDA:0,(anonymous_0)
FNDA:0,adopt
FNDA:0,(anonymous_2)
FNDA:0,(anonymous_3)
FNDA:0,fulfilled
FNDA:0,rejected
FNDA:0,step
FNDA:12,(anonymous_7)
FNDA:0,(anonymous_8)
FNDA:0,(anonymous_9)
FNDA:0,(anonymous_10)
FNDA:0,(anonymous_11)
FNDA:0,(anonymous_12)
FNDA:0,(anonymous_13)
FNDA:0,(anonymous_14)
FNDA:0,(anonymous_15)
FNDA:0,(anonymous_16)
FNDA:0,(anonymous_17)
DA:2,4
DA:3,0
DA:4,0
DA:5,0
DA:6,0
DA:7,0
DA:8,0
DA:11,4
DA:12,12
DA:14,4
DA:15,4
DA:16,4
DA:17,4
DA:18,4
DA:19,4
DA:20,0
DA:21,0
DA:22,0
DA:23,0
DA:24,0
DA:25,0
DA:28,0
DA:31,0
DA:34,4
DA:35,4
DA:36,0
DA:37,0
DA:38,0
DA:39,0
DA:43,0
DA:46,0
DA:49,4
DA:50,4
DA:51,0
DA:52,0
DA:54,0
DA:55,0
DA:56,0
DA:57,0
DA:58,0
DA:60,4
DA:61,4
DA:62,0
DA:63,0
DA:64,0
DA:66,0
DA:67,0
DA:69,4
DA:70,4
DA:71,0
DA:72,0
DA:75,0
DA:78,4
DA:79,4
DA:80,0
DA:81,0
DA:82,0
DA:83,0
DA:86,0
DA:89,4
LF:60
LH:20
BRDA:2,0,0,4
BRDA:2,0,1,4
BRDA:2,0,2,4
BRDA:3,1,0,0
BRDA:3,1,1,0
BRDA:4,2,0,0
BRDA:4,2,1,0
BRDA:7,3,0,0
BRDA:7,3,1,0
BRDA:8,4,0,0
BRDA:8,4,1,0
BRDA:11,5,0,4
BRDA:11,5,1,4
BRDA:11,5,2,4
BRDA:12,6,0,12
BRDA:12,6,1,0
BRDA:12,7,0,12
BRDA:12,7,1,12
BRDA:24,8,0,0
BRDA:24,8,1,0
BRDA:24,9,0,0
BRDA:24,9,1,0
BRDA:51,10,0,0
BRDA:51,10,1,0
BRDA:51,11,0,0
BRDA:51,11,1,0
BRDA:56,12,0,0
BRDA:56,12,1,0
BRDA:82,13,0,0
BRDA:82,13,1,0
BRF:30
BRH:9
end_of_record
TN:
SF:src\constants.ts
FN:9,(anonymous_0)
FNF:1
FNH:1
FNDA:3,(anonymous_0)
DA:1,3
DA:9,3
DA:10,3
DA:11,3
DA:12,3
LF:5
LH:5
BRDA:9,0,0,3
BRDA:9,0,1,3
BRF:2
BRH:2
end_of_record
TN:
SF:src\config\app.ts
FNF:0
FNH:0
DA:1,3
DA:2,3
DA:3,3
DA:5,3
DA:7,3
DA:8,3
DA:9,3
DA:11,3
LF:8
LH:8
BRF:0
BRH:0
end_of_record
TN:
SF:src\controllers\cart.controller.ts
FN:7,(anonymous_13)
FN:11,(anonymous_14)
FN:34,(anonymous_15)
FN:37,(anonymous_16)
FNF:4
FNH:4
FNDA:2,(anonymous_13)
FNDA:2,(anonymous_14)
FNDA:2,(anonymous_15)
FNDA:2,(anonymous_16)
DA:2,3
DA:7,3
DA:11,2
DA:12,2
DA:13,2
DA:16,2
DA:18,2
DA:19,1
DA:24,1
DA:26,0
DA:34,3
DA:37,2
DA:38,2
DA:40,2
DA:42,2
DA:43,1
DA:48,1
DA:50,0
DA:54,3
LF:19
LH:17
BRDA:18,0,0,1
BRDA:42,1,0,1
BRF:2
BRH:2
end_of_record
TN:
SF:src\controllers\categories.controller.ts
FN:8,(anonymous_13)
FN:12,(anonymous_14)
FNF:2
FNH:2
FNDA:2,(anonymous_13)
FNDA:2,(anonymous_14)
DA:3,3
DA:8,3
DA:12,2
DA:13,2
DA:14,2
DA:16,2
DA:17,1
DA:22,1
DA:24,0
DA:28,3
LF:10
LH:9
BRDA:16,0,0,1
BRF:1
BRH:1
end_of_record
TN:
SF:src\controllers\orderPlacement.controller.ts
FN:8,(anonymous_13)
FN:12,(anonymous_14)
FN:26,(anonymous_15)
FNF:3
FNH:0
FNDA:0,(anonymous_13)
FNDA:0,(anonymous_14)
FNDA:0,(anonymous_15)
DA:2,3
DA:3,3
DA:8,3
DA:12,0
DA:13,0
DA:14,0
DA:15,0
DA:17,0
DA:18,0
DA:20,0
DA:22,0
DA:23,0
DA:26,0
DA:27,0
DA:29,0
DA:30,0
DA:31,0
DA:32,0
DA:35,0
DA:39,3
LF:20
LH:4
BRDA:17,0,0,0
BRDA:20,1,0,0
BRDA:20,1,1,0
BRDA:20,2,0,0
BRDA:20,2,1,0
BRDA:20,3,0,0
BRDA:20,3,1,0
BRDA:22,4,0,0
BRDA:22,4,1,0
BRDA:22,5,0,0
BRDA:22,5,1,0
BRDA:29,6,0,0
BRDA:29,6,1,0
BRDA:29,7,0,0
BRDA:29,7,1,0
BRDA:29,8,0,0
BRDA:29,8,1,0
BRDA:31,9,0,0
BRDA:31,10,0,0
BRDA:31,10,1,0
BRDA:31,11,0,0
BRDA:31,11,1,0
BRF:22
BRH:0
end_of_record
TN:
SF:src\controllers\products.controller.ts
FN:8,(anonymous_13)
FN:8,(anonymous_14)
FN:28,(anonymous_15)
FN:32,(anonymous_16)
FNF:4
FNH:4
FNDA:1,(anonymous_13)
FNDA:1,(anonymous_14)
FNDA:3,(anonymous_15)
FNDA:3,(anonymous_16)
DA:3,3
DA:8,3
DA:9,1
DA:10,1
DA:11,1
DA:13,1
DA:15,1
DA:16,0
DA:19,1
DA:21,0
DA:28,3
DA:32,3
DA:33,3
DA:34,3
DA:35,3
DA:36,3
DA:37,3
DA:39,3
DA:46,3
DA:47,0
DA:50,3
DA:52,0
DA:57,3
LF:23
LH:19
BRDA:10,0,0,1
BRDA:10,0,1,1
BRDA:11,1,0,1
BRDA:11,1,1,1
BRDA:15,2,0,0
BRDA:34,3,0,3
BRDA:34,3,1,1
BRDA:35,4,0,3
BRDA:35,4,1,1
BRDA:36,5,0,3
BRDA:36,5,1,3
BRDA:37,6,0,3
BRDA:37,6,1,3
BRDA:46,7,0,0
BRF:14
BRH:12
end_of_record
TN:
SF:src\middleware\errorHandler.ts
FN:4,(anonymous_0)
FNF:1
FNH:0
FNDA:0,(anonymous_0)
DA:2,3
DA:4,3
DA:6,0
DA:7,0
DA:9,0
DA:14,0
DA:16,0
DA:21,0
DA:23,0
DA:28,0
DA:30,0
DA:35,0
DA:37,0
DA:42,0
DA:44,0
DA:49,0
DA:53,3
LF:17
LH:3
BRDA:6,0,0,0
BRDA:6,0,1,0
BRDA:7,1,0,0
BRDA:7,1,1,0
BRDA:7,1,2,0
BRDA:7,1,3,0
BRDA:7,1,4,0
BRDA:7,1,5,0
BRF:8
BRH:0
end_of_record
TN:
SF:src\models\entities\cart.model.ts
FNF:0
FNH:0
DA:1,4
DA:5,4
DA:9,4
DA:11,4
LF:4
LH:4
BRF:0
BRH:0
end_of_record
TN:
SF:src\models\entities\product.model.ts
FNF:0
FNH:0
DA:1,4
DA:3,4
DA:12,4
DA:14,4
LF:4
LH:4
BRF:0
BRH:0
end_of_record
TN:
SF:src\models\entities\userInfo.model.ts
FNF:0
FNH:0
DA:2,3
DA:5,3
DA:14,3
DA:16,3
LF:4
LH:4
BRF:0
BRH:0
end_of_record
TN:
SF:src\routes\apiRoutes.ts
FNF:0
FNH:0
DA:1,3
DA:2,3
DA:5,3
DA:6,3
DA:7,3
DA:9,3
DA:12,3
DA:13,3
DA:16,3
DA:19,3
DA:20,3
DA:23,3
DA:24,3
LF:13
LH:13
BRF:0
BRH:0
end_of_record
TN:
SF:src\services\cart.service.ts
FN:5,(anonymous_8)
FN:8,(anonymous_9)
FN:38,(anonymous_10)
FN:38,(anonymous_11)
FNF:4
FNH:0
FNDA:0,(anonymous_8)
FNDA:0,(anonymous_9)
FNDA:0,(anonymous_10)
FNDA:0,(anonymous_11)
DA:1,3
DA:2,3
DA:3,3
DA:5,3
DA:8,0
DA:9,0
DA:10,0
DA:13,0
DA:14,0
DA:17,0
DA:19,0
DA:20,0
DA:24,0
DA:27,0
DA:28,0
DA:29,0
DA:31,0
DA:33,0
DA:38,3
DA:39,0
DA:40,0
DA:43,0
DA:44,0
DA:47,0
DA:49,0
LF:25
LH:5
BRDA:13,0,0,0
BRDA:19,1,0,0
BRDA:43,2,0,0
BRF:3
BRH:0
end_of_record
TN:
SF:src\services\categories.service.ts
FN:3,(anonymous_8)
FN:3,(anonymous_9)
FNF:2
FNH:2
FNDA:2,(anonymous_8)
FNDA:2,(anonymous_9)
DA:1,3
DA:3,3
DA:4,2
DA:5,2
DA:21,2
DA:23,0
LF:6
LH:5
BRF:0
BRH:0
end_of_record
TN:
SF:src\services\orderPlacement.service.ts
FN:17,(anonymous_8)
FN:17,(anonymous_9)
FNF:2
FNH:0
FNDA:0,(anonymous_8)
FNDA:0,(anonymous_9)
DA:1,3
DA:2,3
DA:6,3
DA:8,3
DA:17,3
DA:18,0
DA:19,0
DA:20,0
DA:21,0
DA:23,0
DA:51,0
DA:52,0
DA:55,0
DA:57,0
DA:58,0
DA:62,0
DA:67,0
DA:70,0
DA:79,0
DA:86,0
DA:87,0
DA:90,0
DA:92,0
DA:93,0
DA:100,0
DA:101,0
DA:102,0
DA:103,0
DA:107,0
DA:111,0
DA:113,0
DA:115,0
LF:32
LH:5
BRDA:51,0,0,0
BRDA:51,1,0,0
BRDA:51,1,1,0
BRDA:51,1,2,0
BRDA:55,2,0,0
BRDA:55,2,1,0
BRDA:55,3,0,0
BRDA:55,3,1,0
BRDA:57,4,0,0
BRDA:60,5,0,0
BRDA:60,5,1,0
BRDA:60,6,0,0
BRDA:60,6,1,0
BRDA:63,7,0,0
BRDA:63,7,1,0
BRDA:71,8,0,0
BRDA:71,8,1,0
BRDA:71,9,0,0
BRDA:71,9,1,0
BRDA:71,10,0,0
BRDA:71,10,1,0
BRDA:72,11,0,0
BRDA:72,11,1,0
BRDA:72,12,0,0
BRDA:72,12,1,0
BRDA:72,13,0,0
BRDA:72,13,1,0
BRDA:73,14,0,0
BRDA:73,14,1,0
BRDA:73,15,0,0
BRDA:73,15,1,0
BRDA:73,16,0,0
BRDA:73,16,1,0
BRDA:74,17,0,0
BRDA:74,17,1,0
BRDA:74,18,0,0
BRDA:74,18,1,0
BRDA:74,19,0,0
BRDA:74,19,1,0
BRDA:75,20,0,0
BRDA:75,20,1,0
BRDA:86,21,0,0
BRDA:92,22,0,0
BRDA:101,23,0,0
BRF:44
BRH:0
end_of_record
TN:
SF:src\services\product.service.ts
FN:3,(anonymous_8)
FN:6,(anonymous_9)
FN:32,(anonymous_10)
FN:37,(anonymous_11)
FNF:4
FNH:4
FNDA:1,(anonymous_8)
FNDA:1,(anonymous_9)
FNDA:3,(anonymous_10)
FNDA:3,(anonymous_11)
DA:1,3
DA:3,3
DA:6,1
DA:7,1
DA:8,1
DA:10,1
DA:11,1
DA:13,1
DA:15,1
DA:28,0
DA:32,3
DA:37,3
DA:39,3
DA:40,3
DA:42,3
DA:43,3
DA:44,3
DA:51,3
DA:64,0
LF:19
LH:17
BRDA:23,0,0,0
BRDA:23,0,1,1
BRDA:24,1,0,0
BRDA:24,1,1,1
BRDA:59,2,0,0
BRDA:59,2,1,3
BRDA:60,3,0,0
BRDA:60,3,1,3
BRF:8
BRH:4
end_of_record
TN:
SF:src\tests\utils\mockDataCart.ts
FNF:0
FNH:0
DA:2,1
DA:16,1
LF:2
LH:2
BRF:0
BRH:0
end_of_record
TN:
SF:src\tests\utils\testUtils.ts
FN:6,setupTestDatabase
FN:12,teardownTestDatabase
FNF:2
FNH:2
FNDA:3,setupTestDatabase
FNDA:3,teardownTestDatabase
DA:1,3
DA:2,3
DA:6,3
DA:7,3
DA:8,3
DA:9,3
DA:12,3
DA:13,3
DA:14,3
LF:9
LH:9
BRF:0
BRH:0
end_of_record
TN:
SF:src\utils\orderUtils.ts
FN:5,(anonymous_8)
FN:5,(anonymous_9)
FN:22,(anonymous_10)
FN:22,(anonymous_11)
FN:36,(anonymous_12)
FN:50,(anonymous_13)
FN:61,(anonymous_14)
FN:61,(anonymous_15)
FN:69,(anonymous_16)
FN:69,(anonymous_17)
FNF:10
FNH:0
FNDA:0,(anonymous_8)
FNDA:0,(anonymous_9)
FNDA:0,(anonymous_10)
FNDA:0,(anonymous_11)
FNDA:0,(anonymous_12)
FNDA:0,(anonymous_13)
FNDA:0,(anonymous_14)
FNDA:0,(anonymous_15)
FNDA:0,(anonymous_16)
FNDA:0,(anonymous_17)
DA:1,3
DA:2,3
DA:3,3
DA:5,3
DA:6,0
DA:7,0
DA:9,0
DA:10,0
DA:11,0
DA:12,0
DA:16,0
DA:18,0
DA:22,3
DA:23,0
DA:24,0
DA:25,0
DA:26,0
DA:30,0
DA:32,0
DA:36,3
DA:38,0
DA:39,0
DA:42,0
DA:43,0
DA:44,0
DA:46,0
DA:47,0
DA:50,3
DA:51,0
DA:53,0
DA:54,0
DA:56,0
DA:58,0
DA:61,3
DA:62,0
DA:63,0
DA:65,0
DA:69,3
DA:70,0
DA:71,0
DA:73,0
DA:75,0
DA:77,0
LF:43
LH:9
BRDA:11,0,0,0
BRDA:11,1,0,0
BRDA:11,1,1,0
BRDA:38,2,0,0
BRDA:38,3,0,0
BRDA:38,3,1,0
BRDA:44,4,0,0
BRDA:44,4,1,0
BRDA:73,5,0,0
BRDA:73,5,1,0
BRF:10
BRH:0
end_of_record
